#
# There is insufficient memory for the Java Runtime Environment to continue.
# Native memory allocation (malloc) failed to allocate 1208816 bytes. Error detail: Chunk::new
# Possible reasons:
#   The system is out of physical RAM or swap space
#   This process is running with CompressedOops enabled, and the Java Heap may be blocking the growth of the native heap
# Possible solutions:
#   Reduce memory load on the system
#   Increase physical memory or swap space
#   Check if swap backing store is full
#   Decrease Java heap size (-Xmx/-Xms)
#   Decrease number of Java threads
#   Decrease Java thread stack sizes (-Xss)
#   Set larger code cache with -XX:ReservedCodeCacheSize=
#   JVM is running with Unscaled Compressed Oops mode in which the Java heap is
#     placed in the first 4GB address space. The Java Heap base address is the
#     maximum limit for the native heap growth. Please use -XX:HeapBaseMinAddress
#     to set the Java Heap base and to place the Java Heap above 4GB virtual address.
# This output file may be truncated or incomplete.
#
#  Out of Memory Error (arena.cpp:168), pid=25764, tid=25896
#
# JRE version: OpenJDK Runtime Environment Temurin-21.0.11+10 (21.0.11+10) (build 21.0.11+10-LTS)
# Java VM: OpenJDK 64-Bit Server VM Temurin-21.0.11+10 (21.0.11+10-LTS, mixed mode, sharing, tiered, compressed oops, compressed class ptrs, parallel gc, windows-amd64)
# No core dump will be written. Minidumps are not enabled by default on client versions of Windows
#

---------------  S U M M A R Y ------------

Command Line: --add-modules=ALL-SYSTEM --add-opens=java.base/java.util=ALL-UNNAMED --add-opens=java.base/java.lang=ALL-UNNAMED --add-opens=java.base/sun.nio.fs=ALL-UNNAMED -Declipse.application=org.eclipse.jdt.ls.core.id1 -Dosgi.bundles.defaultStartLevel=4 -Declipse.product=org.eclipse.jdt.ls.core.product -Djava.import.generatesMetadataFilesAtProjectRoot=false -DDetectVMInstallationsJob.disabled=true -Dfile.encoding=utf8 -XX:+UseParallelGC -XX:GCTimeRatio=4 -XX:AdaptiveSizePolicyWeight=90 -Dsun.zip.disableMemoryMapping=true -Xmx2G -Xms100m -Xlog:disable -javaagent:c:\Users\katiy\.vscode\extensions\redhat.java-1.55.0-win32-x64\lombok\lombok-1.18.39-4050.jar c:\Users\katiy\.vscode\extensions\redhat.java-1.55.0-win32-x64\server\plugins\org.eclipse.equinox.launcher_1.7.200.v20260619-2039.jar -configuration c:\Users\katiy\AppData\Roaming\Code\User\globalStorage\redhat.java\1.55.0\config_ss_win -data c:\Users\katiy\AppData\Roaming\Code\User\workspaceStorage\7f15bbd2de042aa5411faaa645c96d38\redhat.java\ss_ws --pipe=\\.\pipe\lsp-8ee78b2e7ca464dc2ce98bc79b751f39-sock

Host: AMD Ryzen 5 7535U with Radeon Graphics         , 12 cores, 15G,  Windows 11 , 64 bit Build 26100 (10.0.26100.8737)
Time: Wed Jul  8 19:22:49 2026 India Standard Time elapsed time: 15.267965 seconds (0d 0h 0m 15s)

---------------  T H R E A D  ---------------

Current thread (0x0000024b7901c370):  JavaThread "C2 CompilerThread0" daemon [_thread_in_native, id=25896, stack(0x000000a995300000,0x000000a995400000) (1024K)]


Current CompileTask:
C2:15268 2761       4       org.lombokweb.asm.ClassReader::readMethod (1070 bytes)

Stack: [0x000000a995300000,0x000000a995400000]
Native frames: (J=compiled Java code, j=interpreted, Vv=VM code, C=native code)
V  [jvm.dll+0x6d7e19]
V  [jvm.dll+0x8b5096]
V  [jvm.dll+0x8b764e]
V  [jvm.dll+0x8b7d33]
V  [jvm.dll+0x284596]
V  [jvm.dll+0xc685d]
V  [jvm.dll+0xc6da1]
V  [jvm.dll+0x3bed31]
V  [jvm.dll+0x38b2b2]
V  [jvm.dll+0x38a6fa]
V  [jvm.dll+0x24c700]
V  [jvm.dll+0x24bce0]
V  [jvm.dll+0x1cb4ae]
V  [jvm.dll+0x25baad]
V  [jvm.dll+0x25a03a]
V  [jvm.dll+0x3f868e]
V  [jvm.dll+0x85fb0d]
V  [jvm.dll+0x6d664d]
C  [ucrtbase.dll+0x2cd30]
C  [KERNEL32.DLL+0x2e957]
C  [ntdll.dll+0xaad6c]


---------------  P R O C E S S  ---------------

Threads class SMR info:
_java_thread_list=0x0000024b7a168610, length=21, elements={
0x0000024b1b5cd8a0, 0x0000024b1b57dbb0, 0x0000024b79007570, 0x0000024b790090e0,
0x0000024b79009750, 0x0000024b79010350, 0x0000024b79017fc0, 0x0000024b7901c370,
0x0000024b7901e420, 0x0000024b79260d50, 0x0000024b79392040, 0x0000024b79977ec0,
0x0000024b7990ae80, 0x0000024b7990bd00, 0x0000024b7966f960, 0x0000024b798ec600,
0x0000024b79523490, 0x0000024b79dcc330, 0x0000024b79e2a060, 0x0000024b79e9a360,
0x0000024b7a348530
}

Java Threads: ( => current thread )
  0x0000024b1b5cd8a0 JavaThread "main"                              [_thread_blocked, id=25792, stack(0x000000a994900000,0x000000a994a00000) (1024K)]
  0x0000024b1b57dbb0 JavaThread "Reference Handler"          daemon [_thread_blocked, id=25872, stack(0x000000a994d00000,0x000000a994e00000) (1024K)]
  0x0000024b79007570 JavaThread "Finalizer"                  daemon [_thread_blocked, id=25876, stack(0x000000a994e00000,0x000000a994f00000) (1024K)]
  0x0000024b790090e0 JavaThread "Signal Dispatcher"          daemon [_thread_blocked, id=25880, stack(0x000000a994f00000,0x000000a995000000) (1024K)]
  0x0000024b79009750 JavaThread "Attach Listener"            daemon [_thread_blocked, id=25884, stack(0x000000a995000000,0x000000a995100000) (1024K)]
  0x0000024b79010350 JavaThread "Service Thread"             daemon [_thread_blocked, id=25888, stack(0x000000a995100000,0x000000a995200000) (1024K)]
  0x0000024b79017fc0 JavaThread "Monitor Deflation Thread"   daemon [_thread_blocked, id=25892, stack(0x000000a995200000,0x000000a995300000) (1024K)]
=>0x0000024b7901c370 JavaThread "C2 CompilerThread0"         daemon [_thread_in_native, id=25896, stack(0x000000a995300000,0x000000a995400000) (1024K)]
  0x0000024b7901e420 JavaThread "C1 CompilerThread0"         daemon [_thread_blocked, id=25900, stack(0x000000a995400000,0x000000a995500000) (1024K)]
  0x0000024b79260d50 JavaThread "Common-Cleaner"             daemon [_thread_blocked, id=25968, stack(0x000000a995600000,0x000000a995700000) (1024K)]
  0x0000024b79392040 JavaThread "Notification Thread"        daemon [_thread_blocked, id=25164, stack(0x000000a995500000,0x000000a995600000) (1024K)]
  0x0000024b79977ec0 JavaThread "Active Thread: Equinox Container: 39c44308-c16f-40ad-8af3-c78cb3f654b0"        [_thread_blocked, id=26296, stack(0x000000a995f00000,0x000000a996000000) (1024K)]
  0x0000024b7990ae80 JavaThread "Framework Event Dispatcher: Equinox Container: 39c44308-c16f-40ad-8af3-c78cb3f654b0" daemon [_thread_blocked, id=6280, stack(0x000000a995800000,0x000000a995900000) (1024K)]
  0x0000024b7990bd00 JavaThread "Start Level: Equinox Container: 39c44308-c16f-40ad-8af3-c78cb3f654b0" daemon [_thread_in_native, id=24004, stack(0x000000a996000000,0x000000a996100000) (1024K)]
  0x0000024b7966f960 JavaThread "SCR Component Actor"        daemon [_thread_blocked, id=21008, stack(0x000000a996200000,0x000000a996300000) (1024K)]
  0x0000024b798ec600 JavaThread "Worker-JM"                         [_thread_blocked, id=9052, stack(0x000000a996500000,0x000000a996600000) (1024K)]
  0x0000024b79523490 JavaThread "JNA Cleaner"                daemon [_thread_blocked, id=9220, stack(0x000000a996300000,0x000000a996400000) (1024K)]
  0x0000024b79dcc330 JavaThread "Worker-0"                          [_thread_blocked, id=25660, stack(0x000000a996400000,0x000000a996500000) (1024K)]
  0x0000024b79e2a060 JavaThread "Worker-1"                          [_thread_blocked, id=16528, stack(0x000000a996800000,0x000000a996900000) (1024K)]
  0x0000024b79e9a360 JavaThread "C2 CompilerThread1"         daemon [_thread_in_native, id=3232, stack(0x000000a996900000,0x000000a996a00000) (1024K)]
  0x0000024b7a348530 JavaThread "C2 CompilerThread2"         daemon [_thread_in_native, id=22748, stack(0x000000a996a00000,0x000000a996b00000) (1024K)]
Total: 21

Other Threads:
  0x0000024b1b68e810 VMThread "VM Thread"                           [id=25840, stack(0x000000a994c00000,0x000000a994d00000) (1024K)]
  0x0000024b1b45ca10 WatcherThread "VM Periodic Task Thread"        [id=25828, stack(0x000000a994b00000,0x000000a994c00000) (1024K)]
  0x0000024b1b5eb000 WorkerThread "GC Thread#0"                     [id=25812, stack(0x000000a994a00000,0x000000a994b00000) (1024K)]
  0x0000024b7978acc0 WorkerThread "GC Thread#1"                     [id=25132, stack(0x000000a995900000,0x000000a995a00000) (1024K)]
  0x0000024b7978b070 WorkerThread "GC Thread#2"                     [id=25648, stack(0x000000a995a00000,0x000000a995b00000) (1024K)]
  0x0000024b79cb5020 WorkerThread "GC Thread#3"                     [id=26592, stack(0x000000a995b00000,0x000000a995c00000) (1024K)]
  0x0000024b79cb53d0 WorkerThread "GC Thread#4"                     [id=25120, stack(0x000000a995c00000,0x000000a995d00000) (1024K)]
  0x0000024b79cb5780 WorkerThread "GC Thread#5"                     [id=26528, stack(0x000000a995d00000,0x000000a995e00000) (1024K)]
  0x0000024b79a63ef0 WorkerThread "GC Thread#6"                     [id=26232, stack(0x000000a995e00000,0x000000a995f00000) (1024K)]
  0x0000024b797884b0 WorkerThread "GC Thread#7"                     [id=2840, stack(0x000000a996100000,0x000000a996200000) (1024K)]
  0x0000024b79ed5460 WorkerThread "GC Thread#8"                     [id=15028, stack(0x000000a996600000,0x000000a996700000) (1024K)]
  0x0000024b79b7a3b0 WorkerThread "GC Thread#9"                     [id=2784, stack(0x000000a996700000,0x000000a996800000) (1024K)]
Total: 12

Threads with active compile tasks:
C2 CompilerThread0  15307 2761       4       org.lombokweb.asm.ClassReader::readMethod (1070 bytes)
C1 CompilerThread0  15307 2854       3       lombok.launch.PackageShader::apply (252 bytes)
C2 CompilerThread1  15307 2834       4       lombok.patcher.PatchScript$MethodPatcher::visitMethod (158 bytes)
Total: 3

VM state: not at safepoint (normal execution)

VM Mutex/Monitor currently owned by a thread: None

Heap address: 0x0000000080000000, size: 2048 MB, Compressed Oops mode: 32-bit

CDS archive(s) mapped at: [0x0000024b32000000-0x0000024b32ba0000-0x0000024b32ba0000), size 12189696, SharedBaseAddress: 0x0000024b32000000, ArchiveRelocationMode: 1.
Compressed class space mapped at: 0x0000024b33000000-0x0000024b73000000, reserved size: 1073741824
Narrow klass base: 0x0000024b32000000, Narrow klass shift: 0, Narrow klass range: 0x100000000

GC Precious Log:
 CardTable entry size: 512
 CPUs: 12 total, 12 available
 Memory: 15573M
 Large Page Support: Disabled
 NUMA Support: Disabled
 Compressed Oops: Enabled (32-bit)
 Alignments: Space 512K, Generation 512K, Heap 2M
 Heap Min Capacity: 100M
 Heap Initial Capacity: 100M
 Heap Max Capacity: 2G
 Pre-touch: Disabled
 Parallel Workers: 10

Heap:
 PSYoungGen      total 30208K, used 21066K [0x00000000d5580000, 0x00000000d7800000, 0x0000000100000000)
  eden space 25088K, 83% used [0x00000000d5580000,0x00000000d6a12918,0x00000000d6e00000)
  from space 5120K, 0% used [0x00000000d7300000,0x00000000d7300000,0x00000000d7800000)
  to   space 5120K, 0% used [0x00000000d6e00000,0x00000000d6e00000,0x00000000d7300000)
 ParOldGen       total 68608K, used 9028K [0x0000000080000000, 0x0000000084300000, 0x00000000d5580000)
  object space 68608K, 13% used [0x0000000080000000,0x00000000808d11d0,0x0000000084300000)
 Metaspace       used 22336K, committed 23040K, reserved 1114112K
  class space    used 2172K, committed 2496K, reserved 1048576K

Card table byte_map: [0x0000024b1af70000,0x0000024b1b380000] _byte_map_base: 0x0000024b1ab70000

Marking Bits: (ParMarkBitMap*) 0x00007ffa63b14460
 Begin Bits: [0x0000024b2da80000, 0x0000024b2fa80000)
 End Bits:   [0x0000024b2fa80000, 0x0000024b31a80000)

Polling page: 0x0000024b193a0000

Metaspace:

Usage:
  Non-class:     19.69 MB used.
      Class:      2.12 MB used.
       Both:     21.81 MB used.

Virtual space:
  Non-class space:       64.00 MB reserved,      20.06 MB ( 31%) committed,  1 nodes.
      Class space:        1.00 GB reserved,       2.44 MB ( <1%) committed,  1 nodes.
             Both:        1.06 GB reserved,      22.50 MB (  2%) committed. 

Chunk freelists:
   Non-Class:  11.59 MB
       Class:  13.54 MB
        Both:  25.14 MB

MaxMetaspaceSize: unlimited
CompressedClassSpaceSize: 1.00 GB
Initial GC threshold: 21.00 MB
Current GC threshold: 35.00 MB
CDS: on
 - commit_granule_bytes: 65536.
 - commit_granule_words: 8192.
 - virtual_space_node_default_size: 8388608.
 - enlarge_chunks_in_place: 1.
 - use_allocation_guard: 0.


Internal statistics:

num_allocs_failed_limit: 3.
num_arena_births: 514.
num_arena_deaths: 14.
num_vsnodes_births: 2.
num_vsnodes_deaths: 0.
num_space_committed: 360.
num_space_uncommitted: 0.
num_chunks_returned_to_freelist: 17.
num_chunks_taken_from_freelist: 1347.
num_chunk_merges: 9.
num_chunk_splits: 897.
num_chunks_enlarged: 593.
num_inconsistent_stats: 0.

CodeHeap 'non-profiled nmethods': size=120000Kb used=1314Kb max_used=1314Kb free=118685Kb
 bounds [0x0000024b262a0000, 0x0000024b26510000, 0x0000024b2d7d0000]
CodeHeap 'profiled nmethods': size=120000Kb used=5600Kb max_used=5600Kb free=114399Kb
 bounds [0x0000024b1e7d0000, 0x0000024b1ed50000, 0x0000024b25d00000]
CodeHeap 'non-nmethods': size=5760Kb used=1319Kb max_used=1361Kb free=4440Kb
 bounds [0x0000024b25d00000, 0x0000024b25f70000, 0x0000024b262a0000]
CodeCache: size=245760Kb, used=8233Kb, max_used=8275Kb, free=237524Kb
 total_blobs=3453, nmethods=2850, adapters=509, full_count=0
Compilation: enabled, stopped_count=0, restarted_count=0

Compilation events (20 events):
Event: 14.207 Thread 0x0000024b7901e420 2816       3       java.net.URL::toString (5 bytes)
Event: 14.207 Thread 0x0000024b7901e420 nmethod 2816 0x0000024b1ed35310 code [0x0000024b1ed354c0, 0x0000024b1ed35700]
Event: 14.213 Thread 0x0000024b79e9a360 2817       4       lombok.launch.ClassFileMetaData::decodeString (181 bytes)
Event: 14.213 Thread 0x0000024b7a348530 2818       4       lombok.launch.ClassFileMetaData::readValue (27 bytes)
Event: 14.215 Thread 0x0000024b7a348530 nmethod 2818 0x0000024b263e0c10 code [0x0000024b263e0da0, 0x0000024b263e0ea8]
Event: 14.216 Thread 0x0000024b7a348530 2819       4       lombok.launch.PackageShader::readValue (21 bytes)
Event: 14.217 Thread 0x0000024b7a348530 nmethod 2819 0x0000024b263e0f90 code [0x0000024b263e1120, 0x0000024b263e1200]
Event: 14.232 Thread 0x0000024b79e9a360 nmethod 2817 0x0000024b263e1310 code [0x0000024b263e14e0, 0x0000024b263e1e40]
Event: 14.233 Thread 0x0000024b7a348530 2820       4       java.util.concurrent.ConcurrentHashMap$ValueIterator::next (34 bytes)
Event: 14.233 Thread 0x0000024b79e9a360 2821       4       jdk.internal.loader.BuiltinClassLoader::moduleReaderFor (45 bytes)
Event: 14.239 Thread 0x0000024b7a348530 nmethod 2820 0x0000024b263e2290 code [0x0000024b263e2420, 0x0000024b263e2670]
Event: 14.240 Thread 0x0000024b7a348530 2822       4       jdk.internal.module.SystemModuleFinders$SystemModuleReader::find (59 bytes)
Event: 14.242 Thread 0x0000024b79e9a360 nmethod 2821 0x0000024b263e2890 code [0x0000024b263e2a60, 0x0000024b263e2dd8]
Event: 14.242 Thread 0x0000024b79e9a360 2823       4       jdk.internal.jimage.BasicImageReader::getLocationIndex (52 bytes)
Event: 14.247 Thread 0x0000024b7901e420 2824 %     3       lombok.launch.PackageShader::apply @ 76 (252 bytes)
Event: 14.248 Thread 0x0000024b7901e420 nmethod 2824% 0x0000024b1ed35810 code [0x0000024b1ed35a80, 0x0000024b1ed368f0]
Event: 14.561 Thread 0x0000024b7901e420 2825       1       org.eclipse.core.internal.dtree.DataTreeNode::hasData (2 bytes)
Event: 14.561 Thread 0x0000024b7901e420 nmethod 2825 0x0000024b263e3190 code [0x0000024b263e3320, 0x0000024b263e33e8]
Event: 14.561 Thread 0x0000024b7901e420 2826       1       org.eclipse.core.internal.dtree.DataTreeNode::getData (5 bytes)
Event: 14.561 Thread 0x0000024b7901e420 nmethod 2826 0x0000024b263e3490 code [0x0000024b263e3620, 0x0000024b263e36e8]

GC Heap History (14 events):
Event: 1.466 GC heap before
{Heap before GC invocations=1 (full 0):
 PSYoungGen      total 29696K, used 25600K [0x00000000d5580000, 0x00000000d7680000, 0x0000000100000000)
  eden space 25600K, 100% used [0x00000000d5580000,0x00000000d6e80000,0x00000000d6e80000)
  from space 4096K, 0% used [0x00000000d7280000,0x00000000d7280000,0x00000000d7680000)
  to   space 4096K, 0% used [0x00000000d6e80000,0x00000000d6e80000,0x00000000d7280000)
 ParOldGen       total 68608K, used 0K [0x0000000080000000, 0x0000000084300000, 0x00000000d5580000)
  object space 68608K, 0% used [0x0000000080000000,0x0000000080000000,0x0000000084300000)
 Metaspace       used 4362K, committed 4608K, reserved 1114112K
  class space    used 475K, committed 576K, reserved 1048576K
}
Event: 1.473 GC heap after
{Heap after GC invocations=1 (full 0):
 PSYoungGen      total 29696K, used 3303K [0x00000000d5580000, 0x00000000d7680000, 0x0000000100000000)
  eden space 25600K, 0% used [0x00000000d5580000,0x00000000d5580000,0x00000000d6e80000)
  from space 4096K, 80% used [0x00000000d6e80000,0x00000000d71b9e98,0x00000000d7280000)
  to   space 4096K, 0% used [0x00000000d7280000,0x00000000d7280000,0x00000000d7680000)
 ParOldGen       total 68608K, used 16K [0x0000000080000000, 0x0000000084300000, 0x00000000d5580000)
  object space 68608K, 0% used [0x0000000080000000,0x0000000080004000,0x0000000084300000)
 Metaspace       used 4362K, committed 4608K, reserved 1114112K
  class space    used 475K, committed 576K, reserved 1048576K
}
Event: 9.645 GC heap before
{Heap before GC invocations=2 (full 0):
 PSYoungGen      total 29696K, used 28903K [0x00000000d5580000, 0x00000000d7680000, 0x0000000100000000)
  eden space 25600K, 100% used [0x00000000d5580000,0x00000000d6e80000,0x00000000d6e80000)
  from space 4096K, 80% used [0x00000000d6e80000,0x00000000d71b9e98,0x00000000d7280000)
  to   space 4096K, 0% used [0x00000000d7280000,0x00000000d7280000,0x00000000d7680000)
 ParOldGen       total 68608K, used 16K [0x0000000080000000, 0x0000000084300000, 0x00000000d5580000)
  object space 68608K, 0% used [0x0000000080000000,0x0000000080004000,0x0000000084300000)
 Metaspace       used 8172K, committed 8512K, reserved 1114112K
  class space    used 869K, committed 1024K, reserved 1048576K
}
Event: 9.651 GC heap after
{Heap after GC invocations=2 (full 0):
 PSYoungGen      total 29696K, used 4076K [0x00000000d5580000, 0x00000000d7680000, 0x0000000100000000)
  eden space 25600K, 0% used [0x00000000d5580000,0x00000000d5580000,0x00000000d6e80000)
  from space 4096K, 99% used [0x00000000d7280000,0x00000000d767b010,0x00000000d7680000)
  to   space 4096K, 0% used [0x00000000d6e80000,0x00000000d6e80000,0x00000000d7280000)
 ParOldGen       total 68608K, used 1071K [0x0000000080000000, 0x0000000084300000, 0x00000000d5580000)
  object space 68608K, 1% used [0x0000000080000000,0x000000008010beb8,0x0000000084300000)
 Metaspace       used 8172K, committed 8512K, reserved 1114112K
  class space    used 869K, committed 1024K, reserved 1048576K
}
Event: 10.380 GC heap before
{Heap before GC invocations=3 (full 0):
 PSYoungGen      total 29696K, used 29676K [0x00000000d5580000, 0x00000000d7680000, 0x0000000100000000)
  eden space 25600K, 100% used [0x00000000d5580000,0x00000000d6e80000,0x00000000d6e80000)
  from space 4096K, 99% used [0x00000000d7280000,0x00000000d767b010,0x00000000d7680000)
  to   space 4096K, 0% used [0x00000000d6e80000,0x00000000d6e80000,0x00000000d7280000)
 ParOldGen       total 68608K, used 1071K [0x0000000080000000, 0x0000000084300000, 0x00000000d5580000)
  object space 68608K, 1% used [0x0000000080000000,0x000000008010beb8,0x0000000084300000)
 Metaspace       used 12945K, committed 13440K, reserved 1114112K
  class space    used 1371K, committed 1600K, reserved 1048576K
}
Event: 10.384 GC heap after
{Heap after GC invocations=3 (full 0):
 PSYoungGen      total 29696K, used 4082K [0x00000000d5580000, 0x00000000d7680000, 0x0000000100000000)
  eden space 25600K, 0% used [0x00000000d5580000,0x00000000d5580000,0x00000000d6e80000)
  from space 4096K, 99% used [0x00000000d6e80000,0x00000000d727cbe8,0x00000000d7280000)
  to   space 4096K, 0% used [0x00000000d7280000,0x00000000d7280000,0x00000000d7680000)
 ParOldGen       total 68608K, used 2753K [0x0000000080000000, 0x0000000084300000, 0x00000000d5580000)
  object space 68608K, 4% used [0x0000000080000000,0x00000000802b0458,0x0000000084300000)
 Metaspace       used 12945K, committed 13440K, reserved 1114112K
  class space    used 1371K, committed 1600K, reserved 1048576K
}
Event: 13.561 GC heap before
{Heap before GC invocations=4 (full 0):
 PSYoungGen      total 29696K, used 29682K [0x00000000d5580000, 0x00000000d7680000, 0x0000000100000000)
  eden space 25600K, 100% used [0x00000000d5580000,0x00000000d6e80000,0x00000000d6e80000)
  from space 4096K, 99% used [0x00000000d6e80000,0x00000000d727cbe8,0x00000000d7280000)
  to   space 4096K, 0% used [0x00000000d7280000,0x00000000d7280000,0x00000000d7680000)
 ParOldGen       total 68608K, used 2753K [0x0000000080000000, 0x0000000084300000, 0x00000000d5580000)
  object space 68608K, 4% used [0x0000000080000000,0x00000000802b0458,0x0000000084300000)
 Metaspace       used 16957K, committed 17664K, reserved 1114112K
  class space    used 1793K, committed 2112K, reserved 1048576K
}
Event: 13.565 GC heap after
{Heap after GC invocations=4 (full 0):
 PSYoungGen      total 29696K, used 4084K [0x00000000d5580000, 0x00000000d7680000, 0x0000000100000000)
  eden space 25600K, 0% used [0x00000000d5580000,0x00000000d5580000,0x00000000d6e80000)
  from space 4096K, 99% used [0x00000000d7280000,0x00000000d767d378,0x00000000d7680000)
  to   space 4096K, 0% used [0x00000000d6e80000,0x00000000d6e80000,0x00000000d7280000)
 ParOldGen       total 68608K, used 4709K [0x0000000080000000, 0x0000000084300000, 0x00000000d5580000)
  object space 68608K, 6% used [0x0000000080000000,0x0000000080499510,0x0000000084300000)
 Metaspace       used 16957K, committed 17664K, reserved 1114112K
  class space    used 1793K, committed 2112K, reserved 1048576K
}
Event: 13.926 GC heap before
{Heap before GC invocations=5 (full 0):
 PSYoungGen      total 29696K, used 29684K [0x00000000d5580000, 0x00000000d7680000, 0x0000000100000000)
  eden space 25600K, 100% used [0x00000000d5580000,0x00000000d6e80000,0x00000000d6e80000)
  from space 4096K, 99% used [0x00000000d7280000,0x00000000d767d378,0x00000000d7680000)
  to   space 4096K, 0% used [0x00000000d6e80000,0x00000000d6e80000,0x00000000d7280000)
 ParOldGen       total 68608K, used 4709K [0x0000000080000000, 0x0000000084300000, 0x00000000d5580000)
  object space 68608K, 6% used [0x0000000080000000,0x0000000080499510,0x0000000084300000)
 Metaspace       used 20250K, committed 20928K, reserved 1114112K
  class space    used 2014K, committed 2304K, reserved 1048576K
}
Event: 13.928 GC heap after
{Heap after GC invocations=5 (full 0):
 PSYoungGen      total 29184K, used 4090K [0x00000000d5580000, 0x00000000d7800000, 0x0000000100000000)
  eden space 25088K, 0% used [0x00000000d5580000,0x00000000d5580000,0x00000000d6e00000)
  from space 4096K, 99% used [0x00000000d6e80000,0x00000000d727ea88,0x00000000d7280000)
  to   space 5120K, 0% used [0x00000000d7300000,0x00000000d7300000,0x00000000d7800000)
 ParOldGen       total 68608K, used 4964K [0x0000000080000000, 0x0000000084300000, 0x00000000d5580000)
  object space 68608K, 7% used [0x0000000080000000,0x00000000804d92c0,0x0000000084300000)
 Metaspace       used 20250K, committed 20928K, reserved 1114112K
  class space    used 2014K, committed 2304K, reserved 1048576K
}
Event: 13.991 GC heap before
{Heap before GC invocations=6 (full 0):
 PSYoungGen      total 29184K, used 10818K [0x00000000d5580000, 0x00000000d7800000, 0x0000000100000000)
  eden space 25088K, 26% used [0x00000000d5580000,0x00000000d5c11ef8,0x00000000d6e00000)
  from space 4096K, 99% used [0x00000000d6e80000,0x00000000d727ea88,0x00000000d7280000)
  to   space 5120K, 0% used [0x00000000d7300000,0x00000000d7300000,0x00000000d7800000)
 ParOldGen       total 68608K, used 4964K [0x0000000080000000, 0x0000000084300000, 0x00000000d5580000)
  object space 68608K, 7% used [0x0000000080000000,0x00000000804d92c0,0x0000000084300000)
 Metaspace       used 20865K, committed 21504K, reserved 1114112K
  class space    used 2070K, committed 2368K, reserved 1048576K
}
Event: 13.995 GC heap after
{Heap after GC invocations=6 (full 0):
 PSYoungGen      total 30208K, used 4795K [0x00000000d5580000, 0x00000000d7800000, 0x0000000100000000)
  eden space 25088K, 0% used [0x00000000d5580000,0x00000000d5580000,0x00000000d6e00000)
  from space 5120K, 93% used [0x00000000d7300000,0x00000000d77aed50,0x00000000d7800000)
  to   space 5120K, 0% used [0x00000000d6e00000,0x00000000d6e00000,0x00000000d7300000)
 ParOldGen       total 68608K, used 4972K [0x0000000080000000, 0x0000000084300000, 0x00000000d5580000)
  object space 68608K, 7% used [0x0000000080000000,0x00000000804db2c0,0x0000000084300000)
 Metaspace       used 20865K, committed 21504K, reserved 1114112K
  class space    used 2070K, committed 2368K, reserved 1048576K
}
Event: 13.995 GC heap before
{Heap before GC invocations=7 (full 1):
 PSYoungGen      total 30208K, used 4795K [0x00000000d5580000, 0x00000000d7800000, 0x0000000100000000)
  eden space 25088K, 0% used [0x00000000d5580000,0x00000000d5580000,0x00000000d6e00000)
  from space 5120K, 93% used [0x00000000d7300000,0x00000000d77aed50,0x00000000d7800000)
  to   space 5120K, 0% used [0x00000000d6e00000,0x00000000d6e00000,0x00000000d7300000)
 ParOldGen       total 68608K, used 4972K [0x0000000080000000, 0x0000000084300000, 0x00000000d5580000)
  object space 68608K, 7% used [0x0000000080000000,0x00000000804db2c0,0x0000000084300000)
 Metaspace       used 20865K, committed 21504K, reserved 1114112K
  class space    used 2070K, committed 2368K, reserved 1048576K
}
Event: 14.025 GC heap after
{Heap after GC invocations=7 (full 1):
 PSYoungGen      total 30208K, used 0K [0x00000000d5580000, 0x00000000d7800000, 0x0000000100000000)
  eden space 25088K, 0% used [0x00000000d5580000,0x00000000d5580000,0x00000000d6e00000)
  from space 5120K, 0% used [0x00000000d7300000,0x00000000d7300000,0x00000000d7800000)
  to   space 5120K, 0% used [0x00000000d6e00000,0x00000000d6e00000,0x00000000d7300000)
 ParOldGen       total 68608K, used 9028K [0x0000000080000000, 0x0000000084300000, 0x00000000d5580000)
  object space 68608K, 13% used [0x0000000080000000,0x00000000808d11d0,0x0000000084300000)
 Metaspace       used 20852K, committed 21504K, reserved 1114112K
  class space    used 2067K, committed 2368K, reserved 1048576K
}

Dll operation events (10 events):
Event: 0.102 Loaded shared library c:\Users\katiy\.vscode\extensions\redhat.java-1.55.0-win32-x64\jre\21.0.11-win32-x86_64\bin\java.dll
Event: 0.230 Loaded shared library c:\Users\katiy\.vscode\extensions\redhat.java-1.55.0-win32-x64\jre\21.0.11-win32-x86_64\bin\zip.dll
Event: 0.256 Loaded shared library C:\Users\katiy\.vscode\extensions\redhat.java-1.55.0-win32-x64\jre\21.0.11-win32-x86_64\bin\instrument.dll
Event: 0.317 Loaded shared library C:\Users\katiy\.vscode\extensions\redhat.java-1.55.0-win32-x64\jre\21.0.11-win32-x86_64\bin\net.dll
Event: 0.385 Loaded shared library C:\Users\katiy\.vscode\extensions\redhat.java-1.55.0-win32-x64\jre\21.0.11-win32-x86_64\bin\nio.dll
Event: 0.390 Loaded shared library C:\Users\katiy\.vscode\extensions\redhat.java-1.55.0-win32-x64\jre\21.0.11-win32-x86_64\bin\zip.dll
Event: 0.432 Loaded shared library C:\Users\katiy\.vscode\extensions\redhat.java-1.55.0-win32-x64\jre\21.0.11-win32-x86_64\bin\jimage.dll
Event: 0.644 Loaded shared library c:\Users\katiy\.vscode\extensions\redhat.java-1.55.0-win32-x64\jre\21.0.11-win32-x86_64\bin\verify.dll
Event: 9.718 Loaded shared library C:\Users\katiy\AppData\Roaming\Code\User\globalStorage\redhat.java\1.55.0\config_ss_win\org.eclipse.equinox.launcher\org.eclipse.equinox.launcher.win32.win32.x86_64_1.3.100.v20260613-0559\eclipse_11924.dll
Event: 12.266 Loaded shared library C:\Users\katiy\AppData\Local\Temp\jna-101821326\jna4754889024442962847.dll

Deoptimization events (20 events):
Event: 13.577 Thread 0x0000024b7990bd00 Uncommon trap: trap_request=0xffffffde fr.pc=0x0000024b263b13b4 relative=0x0000000000000374
Event: 13.577 Thread 0x0000024b7990bd00 Uncommon trap: reason=class_check action=maybe_recompile pc=0x0000024b263b13b4 method=java.lang.String.<init>(Ljava/lang/AbstractStringBuilder;Ljava/lang/Void;)V @ 10 c2
Event: 13.577 Thread 0x0000024b7990bd00 DEOPT PACKING pc=0x0000024b263b13b4 sp=0x000000a9960f8780
Event: 13.577 Thread 0x0000024b7990bd00 DEOPT UNPACKING pc=0x0000024b25d53aa2 sp=0x000000a9960f8750 mode 2
Event: 13.942 Thread 0x0000024b7990bd00 Uncommon trap: trap_request=0xffffff45 fr.pc=0x0000024b263d2d6c relative=0x000000000000014c
Event: 13.942 Thread 0x0000024b7990bd00 Uncommon trap: reason=unstable_if action=reinterpret pc=0x0000024b263d2d6c method=org.lombokweb.asm.ByteVector.putByteArray([BII)Lorg/lombokweb/asm/ByteVector; @ 20 c2
Event: 13.942 Thread 0x0000024b7990bd00 DEOPT PACKING pc=0x0000024b263d2d6c sp=0x000000a9960f28e0
Event: 13.942 Thread 0x0000024b7990bd00 DEOPT UNPACKING pc=0x0000024b25d53aa2 sp=0x000000a9960f28b0 mode 2
Event: 13.942 Thread 0x0000024b7990bd00 Uncommon trap: trap_request=0xffffff45 fr.pc=0x0000024b263c2fa4 relative=0x0000000000000364
Event: 13.942 Thread 0x0000024b7990bd00 Uncommon trap: reason=unstable_if action=reinterpret pc=0x0000024b263c2fa4 method=org.lombokweb.asm.Label.resolve([BLorg/lombokweb/asm/ByteVector;I)Z @ 81 c2
Event: 13.942 Thread 0x0000024b7990bd00 DEOPT PACKING pc=0x0000024b263c2fa4 sp=0x000000a9960f2970
Event: 13.942 Thread 0x0000024b7990bd00 DEOPT UNPACKING pc=0x0000024b25d53aa2 sp=0x000000a9960f2878 mode 2
Event: 14.147 Thread 0x0000024b7990bd00 Uncommon trap: trap_request=0xffffffde fr.pc=0x0000024b263b13b4 relative=0x0000000000000374
Event: 14.147 Thread 0x0000024b7990bd00 Uncommon trap: reason=class_check action=maybe_recompile pc=0x0000024b263b13b4 method=java.lang.String.<init>(Ljava/lang/AbstractStringBuilder;Ljava/lang/Void;)V @ 10 c2
Event: 14.147 Thread 0x0000024b7990bd00 DEOPT PACKING pc=0x0000024b263b13b4 sp=0x000000a9960f9590
Event: 14.147 Thread 0x0000024b7990bd00 DEOPT UNPACKING pc=0x0000024b25d53aa2 sp=0x000000a9960f9560 mode 2
Event: 14.147 Thread 0x0000024b7990bd00 Uncommon trap: trap_request=0xffffffde fr.pc=0x0000024b263b13b4 relative=0x0000000000000374
Event: 14.147 Thread 0x0000024b7990bd00 Uncommon trap: reason=class_check action=maybe_recompile pc=0x0000024b263b13b4 method=java.lang.String.<init>(Ljava/lang/AbstractStringBuilder;Ljava/lang/Void;)V @ 10 c2
Event: 14.147 Thread 0x0000024b7990bd00 DEOPT PACKING pc=0x0000024b263b13b4 sp=0x000000a9960f9730
Event: 14.147 Thread 0x0000024b7990bd00 DEOPT UNPACKING pc=0x0000024b25d53aa2 sp=0x000000a9960f9700 mode 2

Classes loaded (20 events):
Event: 13.553 Loading class java/util/zip/GZIPInputStream
Event: 13.553 Loading class java/util/zip/GZIPInputStream done
Event: 13.556 Loading class java/net/SocketTimeoutException
Event: 13.556 Loading class java/io/InterruptedIOException
Event: 13.556 Loading class java/io/InterruptedIOException done
Event: 13.556 Loading class java/net/SocketTimeoutException done
Event: 13.556 Loading class java/net/SocketException
Event: 13.556 Loading class java/net/SocketException done
Event: 13.556 Loading class java/net/UnknownHostException
Event: 13.556 Loading class java/net/UnknownHostException done
Event: 13.556 Loading class java/net/ProtocolException
Event: 13.556 Loading class java/net/ProtocolException done
Event: 13.581 Loading class java/lang/ThreadLocal$SuppliedThreadLocal
Event: 13.581 Loading class java/lang/ThreadLocal$SuppliedThreadLocal done
Event: 13.592 Loading class java/lang/NegativeArraySizeException
Event: 13.592 Loading class java/lang/NegativeArraySizeException done
Event: 13.592 Loading class java/io/FileWriter
Event: 13.593 Loading class java/io/FileWriter done
Event: 14.177 Loading class org/w3c/dom/DOMException
Event: 14.177 Loading class org/w3c/dom/DOMException done

Classes unloaded (7 events):
Event: 13.999 Thread 0x0000024b1b68e810 Unloading class 0x0000024b3318d400 'java/lang/invoke/LambdaForm$MH+0x0000024b3318d400'
Event: 13.999 Thread 0x0000024b1b68e810 Unloading class 0x0000024b3318d000 'java/lang/invoke/LambdaForm$MH+0x0000024b3318d000'
Event: 13.999 Thread 0x0000024b1b68e810 Unloading class 0x0000024b3318cc00 'java/lang/invoke/LambdaForm$MH+0x0000024b3318cc00'
Event: 13.999 Thread 0x0000024b1b68e810 Unloading class 0x0000024b3318c800 'java/lang/invoke/LambdaForm$MH+0x0000024b3318c800'
Event: 13.999 Thread 0x0000024b1b68e810 Unloading class 0x0000024b3318c400 'java/lang/invoke/LambdaForm$BMH+0x0000024b3318c400'
Event: 13.999 Thread 0x0000024b1b68e810 Unloading class 0x0000024b3318c000 'java/lang/invoke/LambdaForm$DMH+0x0000024b3318c000'
Event: 13.999 Thread 0x0000024b1b68e810 Unloading class 0x0000024b3318ac00 'java/lang/invoke/LambdaForm$DMH+0x0000024b3318ac00'

Classes redefined (0 events):
No events

Internal exceptions (20 events):
Event: 12.322 Thread 0x0000024b7990bd00 Exception <a 'java/lang/NoSuchMethodError'{0x00000000d66171b8}: 'void java.lang.invoke.Invokers$Holder.invokeExact_MT(java.lang.Object, java.lang.Object, int, java.lang.Object)'> (0x00000000d66171b8) 
thrown [s\src\hotspot\share\interpreter\linkResolver.cpp, line 773]
Event: 12.368 Thread 0x0000024b7990bd00 Exception <a 'java/lang/NoSuchMethodError'{0x00000000d67135f0}: 'java.lang.Object java.lang.invoke.DirectMethodHandle$Holder.invokeSpecial(java.lang.Object, java.lang.Object, java.lang.Object, long, java.lang.Object)'> (0x00000000d67135f0) 
thrown [s\src\hotspot\share\interpreter\linkResolver.cpp, line 773]
Event: 12.369 Thread 0x0000024b7990bd00 Exception <a 'java/lang/NoSuchMethodError'{0x00000000d671ae38}: 'java.lang.Object java.lang.invoke.DirectMethodHandle$Holder.newInvokeSpecial(java.lang.Object, java.lang.Object, java.lang.Object, long)'> (0x00000000d671ae38) 
thrown [s\src\hotspot\share\interpreter\linkResolver.cpp, line 773]
Event: 12.369 Thread 0x0000024b7990bd00 Exception <a 'java/lang/NoSuchMethodError'{0x00000000d671f1e8}: 'java.lang.Object java.lang.invoke.DirectMethodHandle$Holder.invokeSpecial(java.lang.Object, java.lang.Object, java.lang.Object, java.lang.Object, long)'> (0x00000000d671f1e8) 
thrown [s\src\hotspot\share\interpreter\linkResolver.cpp, line 773]
Event: 12.369 Thread 0x0000024b7990bd00 Exception <a 'java/lang/NoSuchMethodError'{0x00000000d6722e08}: 'java.lang.Object java.lang.invoke.Invokers$Holder.linkToTargetMethod(java.lang.Object, java.lang.Object, long, java.lang.Object)'> (0x00000000d6722e08) 
thrown [s\src\hotspot\share\interpreter\linkResolver.cpp, line 773]
Event: 12.382 Thread 0x0000024b7990bd00 Exception <a 'java/lang/NoSuchMethodError'{0x00000000d6794d80}: 'int java.lang.invoke.DirectMethodHandle$Holder.invokeStaticInit(java.lang.Object, java.lang.Object, java.lang.Object)'> (0x00000000d6794d80) 
thrown [s\src\hotspot\share\interpreter\linkResolver.cpp, line 773]
Event: 12.395 Thread 0x0000024b7990bd00 Exception <a 'java/lang/IncompatibleClassChangeError'{0x00000000d6822140}: Found class java.lang.Object, but interface was expected> (0x00000000d6822140) 
thrown [s\src\hotspot\share\interpreter\linkResolver.cpp, line 840]
Event: 12.401 Thread 0x0000024b7990bd00 Exception <a 'java/lang/NoSuchMethodError'{0x00000000d68348b8}: 'java.lang.Object java.lang.invoke.DirectMethodHandle$Holder.invokeSpecial(java.lang.Object, java.lang.Object, java.lang.Object, int, java.lang.Object, java.lang.Object)'> (0x00000000d68348b8) 
thrown [s\src\hotspot\share\interpreter\linkResolver.cpp, line 773]
Event: 12.402 Thread 0x0000024b7990bd00 Exception <a 'java/lang/NoSuchMethodError'{0x00000000d683c390}: 'java.lang.Object java.lang.invoke.DirectMethodHandle$Holder.newInvokeSpecial(java.lang.Object, java.lang.Object, java.lang.Object, int, java.lang.Object)'> (0x00000000d683c390) 
thrown [s\src\hotspot\share\interpreter\linkResolver.cpp, line 773]
Event: 12.402 Thread 0x0000024b7990bd00 Exception <a 'java/lang/NoSuchMethodError'{0x00000000d6840578}: 'java.lang.Object java.lang.invoke.DirectMethodHandle$Holder.invokeSpecial(java.lang.Object, java.lang.Object, java.lang.Object, java.lang.Object, int, java.lang.Object)'> (0x00000000d6840578) 
thrown [s\src\hotspot\share\interpreter\linkResolver.cpp, line 773]
Event: 12.403 Thread 0x0000024b7990bd00 Exception <a 'java/lang/NoSuchMethodError'{0x00000000d68440b8}: 'java.lang.Object java.lang.invoke.Invokers$Holder.linkToTargetMethod(java.lang.Object, java.lang.Object, int, java.lang.Object, java.lang.Object)'> (0x00000000d68440b8) 
thrown [s\src\hotspot\share\interpreter\linkResolver.cpp, line 773]
Event: 12.403 Thread 0x0000024b79dcc330 Exception <a 'java/lang/NoSuchMethodError'{0x00000000d6774ec8}: 'java.lang.Object java.lang.invoke.DirectMethodHandle$Holder.invokeSpecial(java.lang.Object, java.lang.Object, int, java.lang.Object, java.lang.Object)'> (0x00000000d6774ec8) 
thrown [s\src\hotspot\share\interpreter\linkResolver.cpp, line 773]
Event: 12.404 Thread 0x0000024b79dcc330 Exception <a 'java/lang/NoSuchMethodError'{0x00000000d677bc00}: 'java.lang.Object java.lang.invoke.DirectMethodHandle$Holder.newInvokeSpecial(java.lang.Object, java.lang.Object, int, java.lang.Object)'> (0x00000000d677bc00) 
thrown [s\src\hotspot\share\interpreter\linkResolver.cpp, line 773]
Event: 12.404 Thread 0x0000024b79dcc330 Exception <a 'java/lang/NoSuchMethodError'{0x00000000d677f4e0}: 'java.lang.Object java.lang.invoke.DirectMethodHandle$Holder.invokeSpecial(java.lang.Object, java.lang.Object, java.lang.Object, int, java.lang.Object)'> (0x00000000d677f4e0) 
thrown [s\src\hotspot\share\interpreter\linkResolver.cpp, line 773]
Event: 12.427 Thread 0x0000024b7990bd00 Exception <a 'java/lang/NoSuchMethodError'{0x00000000d6961d38}: 'void java.lang.invoke.DirectMethodHandle$Holder.invokeSpecial(java.lang.Object, java.lang.Object, java.lang.Object, java.lang.Object, java.lang.Object)'> (0x00000000d6961d38) 
thrown [s\src\hotspot\share\interpreter\linkResolver.cpp, line 773]
Event: 12.477 Thread 0x0000024b7990bd00 Exception <a 'java/lang/NoSuchMethodError'{0x00000000d6b974b8}: 'double java.lang.invoke.DirectMethodHandle$Holder.invokeStatic(java.lang.Object, java.lang.Object)'> (0x00000000d6b974b8) 
thrown [s\src\hotspot\share\interpreter\linkResolver.cpp, line 773]
Event: 12.478 Thread 0x0000024b7990bd00 Exception <a 'java/lang/NoSuchMethodError'{0x00000000d6b9ab78}: 'double java.lang.invoke.DirectMethodHandle$Holder.invokeStaticInit(java.lang.Object, java.lang.Object)'> (0x00000000d6b9ab78) 
thrown [s\src\hotspot\share\interpreter\linkResolver.cpp, line 773]
Event: 13.942 Thread 0x0000024b7990bd00 Implicit null exception at 0x0000024b263d2c75 to 0x0000024b263d2d50
Event: 14.148 Thread 0x0000024b7990bd00 Exception <a 'java/io/FileNotFoundException'{0x00000000d640c610}> (0x00000000d640c610) 
thrown [s\src\hotspot\share\prims\jni.cpp, line 520]
Event: 14.148 Thread 0x0000024b7990bd00 Exception <a 'java/io/FileNotFoundException'{0x00000000d640d658}> (0x00000000d640d658) 
thrown [s\src\hotspot\share\prims\jni.cpp, line 520]

ZGC Phase Switch (0 events):
No events

VM Operations (20 events):
Event: 11.392 Executing safepoint VM operation: Cleanup
Event: 11.392 Executing safepoint VM operation: Cleanup done
Event: 11.620 Executing non-safepoint VM operation: HandshakeAllThreads (Deoptimize)
Event: 11.620 Executing non-safepoint VM operation: HandshakeAllThreads (Deoptimize) done
Event: 11.626 Executing non-safepoint VM operation: HandshakeAllThreads (Deoptimize)
Event: 11.626 Executing non-safepoint VM operation: HandshakeAllThreads (Deoptimize) done
Event: 11.646 Executing non-safepoint VM operation: HandshakeAllThreads (Deoptimize)
Event: 11.646 Executing non-safepoint VM operation: HandshakeAllThreads (Deoptimize) done
Event: 12.277 Executing non-safepoint VM operation: HandshakeAllThreads (Deoptimize)
Event: 12.277 Executing non-safepoint VM operation: HandshakeAllThreads (Deoptimize) done
Event: 13.283 Executing safepoint VM operation: Cleanup
Event: 13.548 Executing safepoint VM operation: Cleanup done
Event: 13.561 Executing safepoint VM operation: ParallelGCFailedAllocation (Allocation Failure)
Event: 13.565 Executing safepoint VM operation: ParallelGCFailedAllocation (Allocation Failure) done
Event: 13.926 Executing safepoint VM operation: ParallelGCFailedAllocation (Allocation Failure)
Event: 13.928 Executing safepoint VM operation: ParallelGCFailedAllocation (Allocation Failure) done
Event: 13.991 Executing safepoint VM operation: CollectForMetadataAllocation (Metadata GC Threshold)
Event: 14.025 Executing safepoint VM operation: CollectForMetadataAllocation (Metadata GC Threshold) done
Event: 15.039 Executing safepoint VM operation: Cleanup
Event: 15.039 Executing safepoint VM operation: Cleanup done

Memory protections (0 events):
No events

Nmethod flushes (0 events):
No events

Events (20 events):
Event: 1.919 Thread 0x0000024b1b5cd8a0 Thread added: 0x0000024b79977ec0
Event: 2.145 Thread 0x0000024b7939b770 Thread exited: 0x0000024b7939b770
Event: 2.145 Thread 0x0000024b793dfe30 Thread exited: 0x0000024b793dfe30
Event: 9.614 Thread 0x0000024b1b5cd8a0 Thread added: 0x0000024b7990ae80
Event: 9.617 Thread 0x0000024b1b5cd8a0 Thread added: 0x0000024b7990bd00
Event: 9.664 Thread 0x0000024b7990bd00 Thread added: 0x0000024b7966f960
Event: 9.982 Thread 0x0000024b7901e420 Thread added: 0x0000024b7992e990
Event: 9.982 Thread 0x0000024b7901e420 Thread added: 0x0000024b7941f080
Event: 10.258 Thread 0x0000024b7990bd00 Thread added: 0x0000024b798ec600
Event: 11.590 Thread 0x0000024b7941f080 Thread exited: 0x0000024b7941f080
Event: 11.594 Thread 0x0000024b7992e990 Thread exited: 0x0000024b7992e990
Event: 11.664 Thread 0x0000024b7901e420 Thread added: 0x0000024b79523490
Event: 12.272 Thread 0x0000024b79523490 Thread exited: 0x0000024b79523490
Event: 12.302 Thread 0x0000024b7990bd00 Thread added: 0x0000024b79523490
Event: 12.374 Thread 0x0000024b7990bd00 Thread added: 0x0000024b79dcc330
Event: 12.405 Thread 0x0000024b7990bd00 Thread added: 0x0000024b79e2a060
Event: 12.461 Thread 0x0000024b7901e420 Thread added: 0x0000024b79d82ef0
Event: 13.549 Thread 0x0000024b79d82ef0 Thread exited: 0x0000024b79d82ef0
Event: 13.618 Thread 0x0000024b7901e420 Thread added: 0x0000024b79e9a360
Event: 13.634 Thread 0x0000024b79e9a360 Thread added: 0x0000024b7a348530


Dynamic libraries:
0x00007ff6b3c80000 - 0x00007ff6b3c8e000 	c:\Users\katiy\.vscode\extensions\redhat.java-1.55.0-win32-x64\jre\21.0.11-win32-x86_64\bin\java.exe
0x00007ffb62b00000 - 0x00007ffb62d66000 	C:\WINDOWS\SYSTEM32\ntdll.dll
0x00007ffb61c70000 - 0x00007ffb61d39000 	C:\WINDOWS\System32\KERNEL32.DLL
0x00007ffb60240000 - 0x00007ffb60640000 	C:\WINDOWS\System32\KERNELBASE.dll
0x00007ffb5fd20000 - 0x00007ffb5fe6c000 	C:\WINDOWS\System32\ucrtbase.dll
0x00007ffaf2220000 - 0x00007ffaf2238000 	c:\Users\katiy\.vscode\extensions\redhat.java-1.55.0-win32-x64\jre\21.0.11-win32-x86_64\bin\jli.dll
0x00007ffaf10e0000 - 0x00007ffaf10fe000 	c:\Users\katiy\.vscode\extensions\redhat.java-1.55.0-win32-x64\jre\21.0.11-win32-x86_64\bin\VCRUNTIME140.dll
0x00007ffb61080000 - 0x00007ffb61247000 	C:\WINDOWS\System32\USER32.dll
0x00007ffb41040000 - 0x00007ffb412d2000 	C:\WINDOWS\WinSxS\amd64_microsoft.windows.common-controls_6595b64144ccf1df_6.0.26100.8737_none_3e092eaee333b772\COMCTL32.dll
0x00007ffb60150000 - 0x00007ffb60177000 	C:\WINDOWS\System32\win32u.dll
0x00007ffb60f40000 - 0x00007ffb60fe9000 	C:\WINDOWS\System32\msvcrt.dll
0x00007ffb62010000 - 0x00007ffb6203b000 	C:\WINDOWS\System32\GDI32.dll
0x00007ffb60700000 - 0x00007ffb60829000 	C:\WINDOWS\System32\gdi32full.dll
0x00007ffb60650000 - 0x00007ffb606f3000 	C:\WINDOWS\System32\msvcp_win.dll
0x00007ffb61d40000 - 0x00007ffb61d72000 	C:\WINDOWS\System32\IMM32.DLL
0x00007ffb36860000 - 0x00007ffb3686c000 	c:\Users\katiy\.vscode\extensions\redhat.java-1.55.0-win32-x64\jre\21.0.11-win32-x86_64\bin\vcruntime140_1.dll
0x00007ffa86960000 - 0x00007ffa869ed000 	c:\Users\katiy\.vscode\extensions\redhat.java-1.55.0-win32-x64\jre\21.0.11-win32-x86_64\bin\msvcp140.dll
0x00007ffa62e50000 - 0x00007ffa63bf2000 	c:\Users\katiy\.vscode\extensions\redhat.java-1.55.0-win32-x64\jre\21.0.11-win32-x86_64\bin\server\jvm.dll
0x00007ffb62300000 - 0x00007ffb623b7000 	C:\WINDOWS\System32\ADVAPI32.dll
0x00007ffb60bc0000 - 0x00007ffb60c6a000 	C:\WINDOWS\System32\sechost.dll
0x00007ffb62040000 - 0x00007ffb62158000 	C:\WINDOWS\System32\RPCRT4.dll
0x00007ffb623c0000 - 0x00007ffb62440000 	C:\WINDOWS\System32\WS2_32.dll
0x00007ffb5fb80000 - 0x00007ffb5fbde000 	C:\WINDOWS\SYSTEM32\POWRPROF.dll
0x00007ffb587f0000 - 0x00007ffb587fb000 	C:\WINDOWS\SYSTEM32\VERSION.dll
0x00007ffb587b0000 - 0x00007ffb587e6000 	C:\WINDOWS\SYSTEM32\WINMM.dll
0x00007ffb5fb60000 - 0x00007ffb5fb74000 	C:\WINDOWS\SYSTEM32\UMPDC.dll
0x00007ffb5ea00000 - 0x00007ffb5ea1b000 	C:\WINDOWS\SYSTEM32\kernel.appcore.dll
0x00007ffb2fab0000 - 0x00007ffb2faba000 	c:\Users\katiy\.vscode\extensions\redhat.java-1.55.0-win32-x64\jre\21.0.11-win32-x86_64\bin\jimage.dll
0x00007ffb5d300000 - 0x00007ffb5d542000 	C:\WINDOWS\SYSTEM32\DBGHELP.DLL
0x00007ffb60830000 - 0x00007ffb60bb3000 	C:\WINDOWS\System32\combase.dll
0x00007ffb60cd0000 - 0x00007ffb60da9000 	C:\WINDOWS\System32\OLEAUT32.dll
0x00007ffb41000000 - 0x00007ffb4103b000 	C:\WINDOWS\SYSTEM32\dbgcore.DLL
0x00007ffb5fe80000 - 0x00007ffb5ff2c000 	C:\WINDOWS\System32\bcryptPrimitives.dll
0x00007ffb2f8d0000 - 0x00007ffb2f8df000 	c:\Users\katiy\.vscode\extensions\redhat.java-1.55.0-win32-x64\jre\21.0.11-win32-x86_64\bin\instrument.dll
0x00007ffaf07d0000 - 0x00007ffaf07f0000 	c:\Users\katiy\.vscode\extensions\redhat.java-1.55.0-win32-x64\jre\21.0.11-win32-x86_64\bin\java.dll
0x00007ffb614d0000 - 0x00007ffb61c62000 	C:\WINDOWS\System32\SHELL32.dll
0x00007ffb5d790000 - 0x00007ffb5e022000 	C:\WINDOWS\SYSTEM32\windows.storage.dll
0x00007ffb62190000 - 0x00007ffb62287000 	C:\WINDOWS\System32\SHCORE.dll
0x00007ffb62450000 - 0x00007ffb624b7000 	C:\WINDOWS\System32\shlwapi.dll
0x00007ffb5fc40000 - 0x00007ffb5fc69000 	C:\WINDOWS\SYSTEM32\profapi.dll
0x00007ffaf0680000 - 0x00007ffaf0698000 	c:\Users\katiy\.vscode\extensions\redhat.java-1.55.0-win32-x64\jre\21.0.11-win32-x86_64\bin\zip.dll
0x00007ffb2ed50000 - 0x00007ffb2ed60000 	C:\Users\katiy\.vscode\extensions\redhat.java-1.55.0-win32-x64\jre\21.0.11-win32-x86_64\bin\net.dll
0x00007ffb549a0000 - 0x00007ffb54ac9000 	C:\WINDOWS\SYSTEM32\WINHTTP.dll
0x00007ffb5efb0000 - 0x00007ffb5f01c000 	C:\WINDOWS\system32\mswsock.dll
0x00007ffaf0660000 - 0x00007ffaf0676000 	C:\Users\katiy\.vscode\extensions\redhat.java-1.55.0-win32-x64\jre\21.0.11-win32-x86_64\bin\nio.dll
0x00007ffb29390000 - 0x00007ffb293a0000 	c:\Users\katiy\.vscode\extensions\redhat.java-1.55.0-win32-x64\jre\21.0.11-win32-x86_64\bin\verify.dll
0x00007ffa8ac20000 - 0x00007ffa8ac65000 	C:\Users\katiy\AppData\Roaming\Code\User\globalStorage\redhat.java\1.55.0\config_ss_win\org.eclipse.equinox.launcher\org.eclipse.equinox.launcher.win32.win32.x86_64_1.3.100.v20260613-0559\eclipse_11924.dll
0x00007ffb61d80000 - 0x00007ffb61f19000 	C:\WINDOWS\System32\ole32.dll
0x00007ffb5f2b0000 - 0x00007ffb5f2cb000 	C:\WINDOWS\SYSTEM32\CRYPTSP.dll
0x00007ffb5e960000 - 0x00007ffb5e999000 	C:\WINDOWS\system32\rsaenh.dll
0x00007ffb5f070000 - 0x00007ffb5f0a2000 	C:\WINDOWS\SYSTEM32\USERENV.dll
0x00007ffb5fc10000 - 0x00007ffb5fc3a000 	C:\WINDOWS\SYSTEM32\bcrypt.dll
0x00007ffb5f2d0000 - 0x00007ffb5f2dc000 	C:\WINDOWS\SYSTEM32\CRYPTBASE.dll
0x00007ffb5e430000 - 0x00007ffb5e463000 	C:\WINDOWS\SYSTEM32\IPHLPAPI.DLL
0x00007ffb614c0000 - 0x00007ffb614ca000 	C:\WINDOWS\System32\NSI.dll
0x00007ffa865a0000 - 0x00007ffa865e9000 	C:\Users\katiy\AppData\Local\Temp\jna-101821326\jna4754889024442962847.dll
0x00007ffb62160000 - 0x00007ffb62168000 	C:\WINDOWS\System32\PSAPI.DLL

JVMTI agents:
c:\Users\katiy\.vscode\extensions\redhat.java-1.55.0-win32-x64\lombok\lombok-1.18.39-4050.jar path:c:\Users\katiy\.vscode\extensions\redhat.java-1.55.0-win32-x64\jre\21.0.11-win32-x86_64\bin\instrument.dll, loaded, initialized, instrumentlib options:none

dbghelp: loaded successfully - version: 4.0.5 - missing functions: none
symbol engine: initialized successfully - sym options: 0x614 - pdb path: .;c:\Users\katiy\.vscode\extensions\redhat.java-1.55.0-win32-x64\jre\21.0.11-win32-x86_64\bin;C:\WINDOWS\SYSTEM32;C:\WINDOWS\WinSxS\amd64_microsoft.windows.common-controls_6595b64144ccf1df_6.0.26100.8737_none_3e092eaee333b772;c:\Users\katiy\.vscode\extensions\redhat.java-1.55.0-win32-x64\jre\21.0.11-win32-x86_64\bin\server;C:\Users\katiy\AppData\Roaming\Code\User\globalStorage\redhat.java\1.55.0\config_ss_win\org.eclipse.equinox.launcher\org.eclipse.equinox.launcher.win32.win32.x86_64_1.3.100.v20260613-0559;C:\Users\katiy\AppData\Local\Temp\jna-101821326

VM Arguments:
jvm_args: --add-modules=ALL-SYSTEM --add-opens=java.base/java.util=ALL-UNNAMED --add-opens=java.base/java.lang=ALL-UNNAMED --add-opens=java.base/sun.nio.fs=ALL-UNNAMED -Declipse.application=org.eclipse.jdt.ls.core.id1 -Dosgi.bundles.defaultStartLevel=4 -Declipse.product=org.eclipse.jdt.ls.core.product -Djava.import.generatesMetadataFilesAtProjectRoot=false -DDetectVMInstallationsJob.disabled=true -Dfile.encoding=utf8 -XX:+UseParallelGC -XX:GCTimeRatio=4 -XX:AdaptiveSizePolicyWeight=90 -Dsun.zip.disableMemoryMapping=true -Xmx2G -Xms100m -Xlog:disable -javaagent:c:\Users\katiy\.vscode\extensions\redhat.java-1.55.0-win32-x64\lombok\lombok-1.18.39-4050.jar 
java_command: c:\Users\katiy\.vscode\extensions\redhat.java-1.55.0-win32-x64\server\plugins\org.eclipse.equinox.launcher_1.7.200.v20260619-2039.jar -configuration c:\Users\katiy\AppData\Roaming\Code\User\globalStorage\redhat.java\1.55.0\config_ss_win -data c:\Users\katiy\AppData\Roaming\Code\User\workspaceStorage\7f15bbd2de042aa5411faaa645c96d38\redhat.java\ss_ws --pipe=\\.\pipe\lsp-8ee78b2e7ca464dc2ce98bc79b751f39-sock
java_class_path (initial): c:\Users\katiy\.vscode\extensions\redhat.java-1.55.0-win32-x64\server\plugins\org.eclipse.equinox.launcher_1.7.200.v20260619-2039.jar
Launcher Type: SUN_STANDARD

[Global flags]
    uintx AdaptiveSizePolicyWeight                 = 90                                        {product} {command line}
     intx CICompilerCount                          = 4                                         {product} {ergonomic}
    uintx GCTimeRatio                              = 4                                         {product} {command line}
   size_t InitialHeapSize                          = 104857600                                 {product} {command line}
   size_t MaxHeapSize                              = 2147483648                                {product} {command line}
   size_t MaxNewSize                               = 715653120                                 {product} {ergonomic}
   size_t MinHeapDeltaBytes                        = 524288                                    {product} {ergonomic}
   size_t MinHeapSize                              = 104857600                                 {product} {command line}
   size_t NewSize                                  = 34603008                                  {product} {ergonomic}
    uintx NonNMethodCodeHeapSize                   = 5839372                                {pd product} {ergonomic}
    uintx NonProfiledCodeHeapSize                  = 122909434                              {pd product} {ergonomic}
   size_t OldSize                                  = 70254592                                  {product} {ergonomic}
    uintx ProfiledCodeHeapSize                     = 122909434                              {pd product} {ergonomic}
    uintx ReservedCodeCacheSize                    = 251658240                              {pd product} {ergonomic}
     bool SegmentedCodeCache                       = true                                      {product} {ergonomic}
   size_t SoftMaxHeapSize                          = 2147483648                             {manageable} {ergonomic}
     bool UseCompressedOops                        = true                           {product lp64_product} {ergonomic}
     bool UseLargePagesIndividualAllocation        = false                                  {pd product} {ergonomic}
     bool UseParallelGC                            = true                                      {product} {command line}

Logging:
Log output configuration:
 #0: stdout all=off uptime,level,tags foldmultilines=false
 #1: stderr all=off uptime,level,tags foldmultilines=false

Release file:
JAVA_VERSION="21.0.11" 
MODULES="java.base java.compiler java.datatransfer java.xml java.prefs java.desktop java.instrument java.logging java.management java.security.sasl java.naming java.rmi java.management.rmi java.net.http java.scripting java.security.jgss java.transaction.xa java.sql java.sql.rowset java.xml.crypto java.se java.smartcardio jdk.accessibility jdk.internal.jvmstat jdk.attach jdk.charsets jdk.internal.opt jdk.zipfs jdk.compiler jdk.crypto.ec jdk.crypto.cryptoki jdk.crypto.mscapi jdk.dynalink jdk.internal.ed jdk.editpad jdk.hotspot.agent jdk.httpserver jdk.internal.le jdk.internal.vm.ci jdk.internal.vm.compiler jdk.internal.vm.compiler.management jdk.jartool jdk.javadoc jdk.jcmd jdk.management jdk.management.agent jdk.jconsole jdk.jdeps jdk.jdwp.agent jdk.jdi jdk.jfr jdk.jshell jdk.jsobject jdk.jstatd jdk.localedata jdk.management.jfr jdk.naming.dns jdk.naming.rmi jdk.net jdk.nio.mapmode jdk.random jdk.sctp jdk.security.auth jdk.security.jgss jdk.unsupported jdk.unsupported.desktop jdk.xml.dom" 

Environment Variables:
JAVA_HOME=C:\Program Files\Eclipse Adoptium\jdk-21.0.11.10-hotspot\
PATH=C:\Program Files\Eclipse Adoptium\jdk-21.0.11.10-hotspot\bin;C:\windows\system32;C:\windows;C:\windows\System32\Wbem;C:\windows\System32\WindowsPowerShell\v1.0\;C:\windows\System32\OpenSSH\;C:\MinGW\bin;C:\Program Files\nodejs\;C:\WINDOWS\system32;C:\WINDOWS;C:\WINDOWS\System32\Wbem;C:\WINDOWS\System32\WindowsPowerShell\v1.0\;C:\WINDOWS\System32\OpenSSH\;C:\Program Files\Git\cmd;C:\Program Files\MySQL\MySQL Shell 8.0\bin\;C:\Users\katiy\AppData\Local\Programs\Python\Launcher\;C:\Users\katiy\AppData\Local\Programs\Eclipse Adoptium\jdk-21.0.8.9-hotspot\bin;C:\msys64\ucrt64\bin;C:\Users\katiy\AppData\Roaming\npm;C:\Program Files\nodejs;C:\Users\katiy\AppData\Local\Programs\Python\Python311\;C:\Users\katiy\AppData\Local\Programs\Python\Python311\Scripts\;C:\Users\katiy\AppData\Local\Programs\Microsoft VS Code\bin
USERNAME=katiy
OS=Windows_NT
PROCESSOR_IDENTIFIER=AMD64 Family 25 Model 68 Stepping 1, AuthenticAMD
TMP=C:\Users\katiy\AppData\Local\Temp
TEMP=C:\Users\katiy\AppData\Local\Temp




Periodic native trim disabled

---------------  S Y S T E M  ---------------

OS:
 Windows 11 , 64 bit Build 26100 (10.0.26100.8737)
OS uptime: 0 days 0:52 hours
Hyper-V role detected

CPU: total 12 (initial active 12) (12 cores per cpu, 2 threads per core) family 25 model 68 stepping 1 microcode 0xa404105, cx8, cmov, fxsr, ht, mmx, 3dnowpref, sse, sse2, sse3, ssse3, sse4a, sse4.1, sse4.2, popcnt, lzcnt, tsc, tscinvbit, avx, avx2, aes, erms, clmul, bmi1, bmi2, adx, sha, fma, vzeroupper, clflush, clflushopt, hv, rdtscp, rdpid, fsrm, f16c, cet_ss
Processor Information for the first 12 processors :
  Max Mhz: 2901, Current Mhz: 2008, Mhz Limit: 2901

Memory: 4k page, system-wide physical 15573M (5965M free)
TotalPageFile size 15573M (AvailPageFile size 8M)
current process WorkingSet (physical memory assigned to process): 148M, peak: 148M
current process commit charge ("private bytes"): 288M, peak: 288M

vm_info: OpenJDK 64-Bit Server VM (21.0.11+10-LTS) for windows-amd64 JRE (21.0.11+10-LTS), built on 2026-04-21T00:00:00Z by "admin" with MS VC++ 17.12 (VS2022)

END.
