#
# There is insufficient memory for the Java Runtime Environment to continue.
# Native memory allocation (malloc) failed to allocate 1184976 bytes. Error detail: Chunk::new
# Possible reasons:
#   The system is out of physical RAM or swap space
#   This process is running with CompressedOops enabled, and the Java Heap may be blocking the growth of the native heap
# Possible solutions:
#   Reduce memory load on the system
#   Increase physical memory or swap space
#   Check if swap backing store is full
#   Decrease Java heap size (-Xmx/-Xms)
#   Decrease number of Java threads
#   Decrease Java thread stack sizes (-Xss)
#   Set larger code cache with -XX:ReservedCodeCacheSize=
#   JVM is running with Unscaled Compressed Oops mode in which the Java heap is
#     placed in the first 4GB address space. The Java Heap base address is the
#     maximum limit for the native heap growth. Please use -XX:HeapBaseMinAddress
#     to set the Java Heap base and to place the Java Heap above 4GB virtual address.
# This output file may be truncated or incomplete.
#
#  Out of Memory Error (arena.cpp:168), pid=14148, tid=20436
#
# JRE version: OpenJDK Runtime Environment Temurin-21.0.11+10 (21.0.11+10) (build 21.0.11+10-LTS)
# Java VM: OpenJDK 64-Bit Server VM Temurin-21.0.11+10 (21.0.11+10-LTS, mixed mode, sharing, tiered, compressed oops, compressed class ptrs, parallel gc, windows-amd64)
# No core dump will be written. Minidumps are not enabled by default on client versions of Windows
#

---------------  S U M M A R Y ------------

Command Line: --add-modules=ALL-SYSTEM --add-opens=java.base/java.util=ALL-UNNAMED --add-opens=java.base/java.lang=ALL-UNNAMED --add-opens=java.base/sun.nio.fs=ALL-UNNAMED -Declipse.application=org.eclipse.jdt.ls.core.id1 -Dosgi.bundles.defaultStartLevel=4 -Declipse.product=org.eclipse.jdt.ls.core.product -Djava.import.generatesMetadataFilesAtProjectRoot=false -DDetectVMInstallationsJob.disabled=true -Dfile.encoding=utf8 -XX:+UseParallelGC -XX:GCTimeRatio=4 -XX:AdaptiveSizePolicyWeight=90 -Dsun.zip.disableMemoryMapping=true -Xmx2G -Xms100m -Xlog:disable -javaagent:c:\Users\katiy\.vscode\extensions\redhat.java-1.55.0-win32-x64\lombok\lombok-1.18.39-4050.jar -XX:+HeapDumpOnOutOfMemoryError -XX:HeapDumpPath=c:\Users\katiy\AppData\Roaming\Code\User\workspaceStorage\7f15bbd2de042aa5411faaa645c96d38\redhat.java -Daether.dependencyCollector.impl=bf c:\Users\katiy\.vscode\extensions\redhat.java-1.55.0-win32-x64\server\plugins\org.eclipse.equinox.launcher_1.7.200.v20260619-2039.jar -configuration c:\Users\katiy\AppData\Roaming\Code\User\globalStorage\redhat.java\1.55.0\config_win -data c:\Users\katiy\AppData\Roaming\Code\User\workspaceStorage\7f15bbd2de042aa5411faaa645c96d38\redhat.java\jdt_ws --pipe=\\.\pipe\lsp-45b71c3872a55e82a820fbc842cda560-sock

Host: AMD Ryzen 5 7535U with Radeon Graphics         , 12 cores, 15G,  Windows 11 , 64 bit Build 26100 (10.0.26100.8737)
Time: Mon Jul 20 01:25:28 2026 India Standard Time elapsed time: 19.716613 seconds (0d 0h 0m 19s)

---------------  T H R E A D  ---------------

Current thread (0x000002afc98a4ba0):  JavaThread "C2 CompilerThread0" daemon [_thread_in_native, id=20436, stack(0x000000b4cf900000,0x000000b4cfa00000) (1024K)]


Current CompileTask:
C2:19716 11368       4       org.eclipse.jdt.internal.compiler.parser.Parser::consumeRule (7843 bytes)

Stack: [0x000000b4cf900000,0x000000b4cfa00000]
Native frames: (J=compiled Java code, j=interpreted, Vv=VM code, C=native code)
V  [jvm.dll+0x6d7e19]
V  [jvm.dll+0x8b5096]
V  [jvm.dll+0x8b764e]
V  [jvm.dll+0x8b7d33]
V  [jvm.dll+0x284596]
V  [jvm.dll+0xc685d]
V  [jvm.dll+0xc6da1]
V  [jvm.dll+0x3bed31]
V  [jvm.dll+0x38b2b2]
V  [jvm.dll+0x38a6fa]
V  [jvm.dll+0x24c700]
V  [jvm.dll+0x24bce0]
V  [jvm.dll+0x1cb4ae]
V  [jvm.dll+0x25baad]
V  [jvm.dll+0x25a03a]
V  [jvm.dll+0x3f868e]
V  [jvm.dll+0x85fb0d]
V  [jvm.dll+0x6d664d]
C  [ucrtbase.dll+0x2cd30]
C  [KERNEL32.DLL+0x2e957]
C  [ntdll.dll+0xaad6c]


---------------  P R O C E S S  ---------------

Threads class SMR info:
_java_thread_list=0x000002afeacd1f30, length=65, elements={
0x000002afc73d8880, 0x000002afc9890fa0, 0x000002afc9891a00, 0x000002afc9895370,
0x000002afc9896230, 0x000002afc989c750, 0x000002afc989f4d0, 0x000002afc98a4ba0,
0x000002afe1531fb0, 0x000002afe1746d60, 0x000002afe257b580, 0x000002afe2c824c0,
0x000002afe705a760, 0x000002afe2c15930, 0x000002afe2a99f30, 0x000002afe7b20b40,
0x000002afe790c2e0, 0x000002afe755dea0, 0x000002afe75c80c0, 0x000002afe75c52d0,
0x000002afe75c6680, 0x000002afe7c42040, 0x000002afe75c5960, 0x000002afe75c73a0,
0x000002afe75c5ff0, 0x000002afe75c6d10, 0x000002afe75c7a30, 0x000002afe75c8750,
0x000002afe849db90, 0x000002afe849e220, 0x000002afe849bac0, 0x000002afe849e8b0,
0x000002afe849c150, 0x000002afe849d500, 0x000002afe849c7e0, 0x000002afe849b430,
0x000002afe849ce70, 0x000002afe849fc60, 0x000002afe84a1010, 0x000002afe84a16a0,
0x000002afe849ef40, 0x000002afe849f5d0, 0x000002afe84a23c0, 0x000002afe84a2a50,
0x000002afe84a02f0, 0x000002afe84a1d30, 0x000002afe84a0980, 0x000002afe2926990,
0x000002afe2929780, 0x000002afe2927d40, 0x000002afe29283d0, 0x000002afe29276b0,
0x000002afe2929e10, 0x000002afe2928a60, 0x000002afe29290f0, 0x000002afe2927020,
0x000002afe292bee0, 0x000002afe292a4a0, 0x000002afe292d290, 0x000002afe292d920,
0x000002afe292c570, 0x000002afea5f8790, 0x000002afea5f6d50, 0x000002afea5f8100,
0x000002afe97d72f0
}

Java Threads: ( => current thread )
  0x000002afc73d8880 JavaThread "main"                              [_thread_blocked, id=11416, stack(0x000000b4cef00000,0x000000b4cf000000) (1024K)]
  0x000002afc9890fa0 JavaThread "Reference Handler"          daemon [_thread_blocked, id=9912, stack(0x000000b4cf300000,0x000000b4cf400000) (1024K)]
  0x000002afc9891a00 JavaThread "Finalizer"                  daemon [_thread_blocked, id=10540, stack(0x000000b4cf400000,0x000000b4cf500000) (1024K)]
  0x000002afc9895370 JavaThread "Signal Dispatcher"          daemon [_thread_blocked, id=11468, stack(0x000000b4cf500000,0x000000b4cf600000) (1024K)]
  0x000002afc9896230 JavaThread "Attach Listener"            daemon [_thread_blocked, id=16900, stack(0x000000b4cf600000,0x000000b4cf700000) (1024K)]
  0x000002afc989c750 JavaThread "Service Thread"             daemon [_thread_blocked, id=9996, stack(0x000000b4cf700000,0x000000b4cf800000) (1024K)]
  0x000002afc989f4d0 JavaThread "Monitor Deflation Thread"   daemon [_thread_blocked, id=708, stack(0x000000b4cf800000,0x000000b4cf900000) (1024K)]
=>0x000002afc98a4ba0 JavaThread "C2 CompilerThread0"         daemon [_thread_in_native, id=20436, stack(0x000000b4cf900000,0x000000b4cfa00000) (1024K)]
  0x000002afe1531fb0 JavaThread "C1 CompilerThread0"         daemon [_thread_blocked, id=3644, stack(0x000000b4cfa00000,0x000000b4cfb00000) (1024K)]
  0x000002afe1746d60 JavaThread "Common-Cleaner"             daemon [_thread_blocked, id=11124, stack(0x000000b4cfc00000,0x000000b4cfd00000) (1024K)]
  0x000002afe257b580 JavaThread "Notification Thread"        daemon [_thread_blocked, id=12356, stack(0x000000b4cfd00000,0x000000b4cfe00000) (1024K)]
  0x000002afe2c824c0 JavaThread "Active Thread: Equinox Container: 30e44e55-7195-4d86-9574-12ff6db9d295"        [_thread_blocked, id=24516, stack(0x000000b4d0500000,0x000000b4d0600000) (1024K)]
  0x000002afe705a760 JavaThread "Refresh Thread: Equinox Container: 30e44e55-7195-4d86-9574-12ff6db9d295" daemon [_thread_blocked, id=14820, stack(0x000000b4d0700000,0x000000b4d0800000) (1024K)]
  0x000002afe2c15930 JavaThread "Framework Event Dispatcher: Equinox Container: 30e44e55-7195-4d86-9574-12ff6db9d295" daemon [_thread_blocked, id=14952, stack(0x000000b4d0800000,0x000000b4d0900000) (1024K)]
  0x000002afe2a99f30 JavaThread "Start Level: Equinox Container: 30e44e55-7195-4d86-9574-12ff6db9d295" daemon [_thread_blocked, id=17416, stack(0x000000b4d0900000,0x000000b4d0a00000) (1024K)]
  0x000002afe7b20b40 JavaThread "Bundle File Closer"         daemon [_thread_blocked, id=7000, stack(0x000000b4d0c00000,0x000000b4d0d00000) (1024K)]
  0x000002afe790c2e0 JavaThread "SCR Component Actor"        daemon [_thread_blocked, id=19172, stack(0x000000b4cfb00000,0x000000b4cfc00000) (1024K)]
  0x000002afe755dea0 JavaThread "Worker-JM"                         [_thread_blocked, id=21260, stack(0x000000b4d0e00000,0x000000b4d0f00000) (1024K)]
  0x000002afe75c80c0 JavaThread "JNA Cleaner"                daemon [_thread_blocked, id=15768, stack(0x000000b4d0f00000,0x000000b4d1000000) (1024K)]
  0x000002afe75c52d0 JavaThread "Worker-0"                          [_thread_blocked, id=3124, stack(0x000000b4d1000000,0x000000b4d1100000) (1024K)]
  0x000002afe75c6680 JavaThread "Worker-1"                          [_thread_blocked, id=1600, stack(0x000000b4d1100000,0x000000b4d1200000) (1024K)]
  0x000002afe7c42040 JavaThread "C2 CompilerThread1"         daemon [_thread_blocked, id=21552, stack(0x000000b4cfe00000,0x000000b4cff00000) (1024K)]
  0x000002afe75c5960 JavaThread "Java indexing"              daemon [_thread_blocked, id=10740, stack(0x000000b4d1200000,0x000000b4d1300000) (1024K)]
  0x000002afe75c73a0 JavaThread "Worker-2: Publish Diagnostics"        [_thread_blocked, id=8108, stack(0x000000b4d1300000,0x000000b4d1400000) (1024K)]
  0x000002afe75c5ff0 JavaThread "Worker-3"                          [_thread_blocked, id=6008, stack(0x000000b4d1600000,0x000000b4d1700000) (1024K)]
  0x000002afe75c6d10 JavaThread "Worker-4"                          [_thread_blocked, id=23352, stack(0x000000b4d1700000,0x000000b4d1800000) (1024K)]
  0x000002afe75c7a30 JavaThread "Thread-1"                   daemon [_thread_in_native, id=3988, stack(0x000000b4d1800000,0x000000b4d1900000) (1024K)]
  0x000002afe75c8750 JavaThread "Thread-2"                   daemon [_thread_in_native, id=23416, stack(0x000000b4d1900000,0x000000b4d1a00000) (1024K)]
  0x000002afe849db90 JavaThread "Thread-3"                   daemon [_thread_in_native, id=13300, stack(0x000000b4d1a00000,0x000000b4d1b00000) (1024K)]
  0x000002afe849e220 JavaThread "Thread-4"                   daemon [_thread_in_native, id=15332, stack(0x000000b4d1b00000,0x000000b4d1c00000) (1024K)]
  0x000002afe849bac0 JavaThread "Thread-5"                   daemon [_thread_in_native, id=6176, stack(0x000000b4d1c00000,0x000000b4d1d00000) (1024K)]
  0x000002afe849e8b0 JavaThread "Thread-6"                   daemon [_thread_in_native, id=24176, stack(0x000000b4d1d00000,0x000000b4d1e00000) (1024K)]
  0x000002afe849c150 JavaThread "Thread-7"                   daemon [_thread_in_native, id=20596, stack(0x000000b4d1e00000,0x000000b4d1f00000) (1024K)]
  0x000002afe849d500 JavaThread "Thread-8"                   daemon [_thread_in_native, id=19496, stack(0x000000b4d1f00000,0x000000b4d2000000) (1024K)]
  0x000002afe849c7e0 JavaThread "Thread-9"                   daemon [_thread_in_native, id=23100, stack(0x000000b4d2000000,0x000000b4d2100000) (1024K)]
  0x000002afe849b430 JavaThread "Thread-10"                  daemon [_thread_in_native, id=10840, stack(0x000000b4d2100000,0x000000b4d2200000) (1024K)]
  0x000002afe849ce70 JavaThread "Thread-11"                  daemon [_thread_in_native, id=20304, stack(0x000000b4d2200000,0x000000b4d2300000) (1024K)]
  0x000002afe849fc60 JavaThread "Thread-12"                  daemon [_thread_in_native, id=19368, stack(0x000000b4d2300000,0x000000b4d2400000) (1024K)]
  0x000002afe84a1010 JavaThread "Thread-13"                  daemon [_thread_in_native, id=21812, stack(0x000000b4d2400000,0x000000b4d2500000) (1024K)]
  0x000002afe84a16a0 JavaThread "pool-2-thread-1"                   [_thread_blocked, id=14764, stack(0x000000b4d2500000,0x000000b4d2600000) (1024K)]
  0x000002afe849ef40 JavaThread "WorkspaceEventsHandler"            [_thread_blocked, id=19192, stack(0x000000b4d2600000,0x000000b4d2700000) (1024K)]
  0x000002afe849f5d0 JavaThread "pool-1-thread-1"                   [_thread_blocked, id=15524, stack(0x000000b4d2700000,0x000000b4d2800000) (1024K)]
  0x000002afe84a23c0 JavaThread "PatternSearchJob-worker-1"  daemon [_thread_blocked, id=19144, stack(0x000000b4d2800000,0x000000b4d2900000) (1024K)]
  0x000002afe84a2a50 JavaThread "PatternSearchJob-worker-2"  daemon [_thread_blocked, id=7220, stack(0x000000b4d2900000,0x000000b4d2a00000) (1024K)]
  0x000002afe84a02f0 JavaThread "PatternSearchJob-worker-3"  daemon [_thread_blocked, id=10308, stack(0x000000b4d2a00000,0x000000b4d2b00000) (1024K)]
  0x000002afe84a1d30 JavaThread "PatternSearchJob-worker-4"  daemon [_thread_blocked, id=24380, stack(0x000000b4d2b00000,0x000000b4d2c00000) (1024K)]
  0x000002afe84a0980 JavaThread "PatternSearchJob-worker-5"  daemon [_thread_blocked, id=10932, stack(0x000000b4d2c00000,0x000000b4d2d00000) (1024K)]
  0x000002afe2926990 JavaThread "PatternSearchJob-worker-6"  daemon [_thread_blocked, id=14856, stack(0x000000b4d2d00000,0x000000b4d2e00000) (1024K)]
  0x000002afe2929780 JavaThread "PatternSearchJob-worker-7"  daemon [_thread_blocked, id=20056, stack(0x000000b4d2e00000,0x000000b4d2f00000) (1024K)]
  0x000002afe2927d40 JavaThread "PatternSearchJob-worker-8"  daemon [_thread_blocked, id=22820, stack(0x000000b4d2f00000,0x000000b4d3000000) (1024K)]
  0x000002afe29283d0 JavaThread "PatternSearchJob-worker-9"  daemon [_thread_blocked, id=6760, stack(0x000000b4d3000000,0x000000b4d3100000) (1024K)]
  0x000002afe29276b0 JavaThread "PatternSearchJob-worker-10" daemon [_thread_blocked, id=4812, stack(0x000000b4d3100000,0x000000b4d3200000) (1024K)]
  0x000002afe2929e10 JavaThread "PatternSearchJob-worker-11" daemon [_thread_blocked, id=424, stack(0x000000b4d3200000,0x000000b4d3300000) (1024K)]
  0x000002afe2928a60 JavaThread "ForkJoinPool.commonPool-worker-1" daemon [_thread_blocked, id=9816, stack(0x000000b4d3300000,0x000000b4d3400000) (1024K)]
  0x000002afe29290f0 JavaThread "ForkJoinPool.commonPool-worker-2" daemon [_thread_blocked, id=10900, stack(0x000000b4d3400000,0x000000b4d3500000) (1024K)]
  0x000002afe2927020 JavaThread "ForkJoinPool.commonPool-worker-3" daemon [_thread_blocked, id=12576, stack(0x000000b4d3500000,0x000000b4d3600000) (1024K)]
  0x000002afe292bee0 JavaThread "ForkJoinPool.commonPool-worker-4" daemon [_thread_blocked, id=12428, stack(0x000000b4d3600000,0x000000b4d3700000) (1024K)]
  0x000002afe292a4a0 JavaThread "ForkJoinPool.commonPool-worker-5" daemon [_thread_blocked, id=9772, stack(0x000000b4d3700000,0x000000b4d3800000) (1024K)]
  0x000002afe292d290 JavaThread "ForkJoinPool.commonPool-worker-6" daemon [_thread_blocked, id=15244, stack(0x000000b4d3800000,0x000000b4d3900000) (1024K)]
  0x000002afe292d920 JavaThread "ForkJoinPool.commonPool-worker-7" daemon [_thread_blocked, id=21248, stack(0x000000b4d3900000,0x000000b4d3a00000) (1024K)]
  0x000002afe292c570 JavaThread "ForkJoinPool.commonPool-worker-8" daemon [_thread_blocked, id=8212, stack(0x000000b4d3a00000,0x000000b4d3b00000) (1024K)]
  0x000002afea5f8790 JavaThread "Cleaner-0"                  daemon [_thread_blocked, id=15176, stack(0x000000b4d3b00000,0x000000b4d3c00000) (1024K)]
  0x000002afea5f6d50 JavaThread "Compiler Source File Reader" daemon [_thread_blocked, id=19064, stack(0x000000b4d3c00000,0x000000b4d3d00000) (1024K)]
  0x000002afea5f8100 JavaThread "Compiler Processing Task"   daemon [_thread_blocked, id=5412, stack(0x000000b4d3d00000,0x000000b4d3e00000) (1024K)]
  0x000002afe97d72f0 JavaThread "C2 CompilerThread2"         daemon [_thread_blocked, id=23880, stack(0x000000b4d0d00000,0x000000b4d0e00000) (1024K)]
Total: 65

Other Threads:
  0x000002afc9890a40 VMThread "VM Thread"                           [id=17828, stack(0x000000b4cf200000,0x000000b4cf300000) (1024K)]
  0x000002afc967ba00 WatcherThread "VM Periodic Task Thread"        [id=24424, stack(0x000000b4cf100000,0x000000b4cf200000) (1024K)]
  0x000002afc9813140 WorkerThread "GC Thread#0"                     [id=9632, stack(0x000000b4cf000000,0x000000b4cf100000) (1024K)]
  0x000002afe2805260 WorkerThread "GC Thread#1"                     [id=11956, stack(0x000000b4cff00000,0x000000b4d0000000) (1024K)]
  0x000002afe2805610 WorkerThread "GC Thread#2"                     [id=24324, stack(0x000000b4d0000000,0x000000b4d0100000) (1024K)]
  0x000002afe253a700 WorkerThread "GC Thread#3"                     [id=18660, stack(0x000000b4d0100000,0x000000b4d0200000) (1024K)]
  0x000002afe253aab0 WorkerThread "GC Thread#4"                     [id=14576, stack(0x000000b4d0200000,0x000000b4d0300000) (1024K)]
  0x000002afe29059c0 WorkerThread "GC Thread#5"                     [id=23928, stack(0x000000b4d0300000,0x000000b4d0400000) (1024K)]
  0x000002afe2905d70 WorkerThread "GC Thread#6"                     [id=10128, stack(0x000000b4d0400000,0x000000b4d0500000) (1024K)]
  0x000002afe719c8b0 WorkerThread "GC Thread#7"                     [id=15252, stack(0x000000b4d0600000,0x000000b4d0700000) (1024K)]
  0x000002afe2bd4de0 WorkerThread "GC Thread#8"                     [id=23524, stack(0x000000b4d0a00000,0x000000b4d0b00000) (1024K)]
  0x000002afe74c0280 WorkerThread "GC Thread#9"                     [id=24452, stack(0x000000b4d0b00000,0x000000b4d0c00000) (1024K)]
Total: 12

Threads with active compile tasks:
C2 CompilerThread0  19746 11368       4       org.eclipse.jdt.internal.compiler.parser.Parser::consumeRule (7843 bytes)
C1 CompilerThread0  19746 11466       2       java.lang.String::regionMatches (183 bytes)
C2 CompilerThread1  19746 11359   !   4       org.eclipse.jdt.internal.compiler.classfmt.ClassFileReader::<init> (1968 bytes)
C2 CompilerThread2  19746 11397 %     4       org.eclipse.jdt.internal.compiler.lookup.BinaryTypeBinding::createMethod @ 331 (1666 bytes)
Total: 4

VM state: at safepoint (normal execution)

VM Mutex/Monitor currently owned by a thread:  ([mutex/lock_event])
[0x00007ffb04dcf570] Threads_lock - owner thread: 0x000002afc9890a40
[0x00007ffb04dcf670] Heap_lock - owner thread: 0x000002afe75c73a0

Heap address: 0x0000000080000000, size: 2048 MB, Compressed Oops mode: 32-bit

CDS archive(s) mapped at: [0x000002af80000000-0x000002af80ba0000-0x000002af80ba0000), size 12189696, SharedBaseAddress: 0x000002af80000000, ArchiveRelocationMode: 1.
Compressed class space mapped at: 0x000002af81000000-0x000002afc1000000, reserved size: 1073741824
Narrow klass base: 0x000002af80000000, Narrow klass shift: 0, Narrow klass range: 0x100000000

GC Precious Log:
 CardTable entry size: 512
 CPUs: 12 total, 12 available
 Memory: 15573M
 Large Page Support: Disabled
 NUMA Support: Disabled
 Compressed Oops: Enabled (32-bit)
 Alignments: Space 512K, Generation 512K, Heap 2M
 Heap Min Capacity: 100M
 Heap Initial Capacity: 100M
 Heap Max Capacity: 2G
 Pre-touch: Disabled
 Parallel Workers: 10

Heap:
 PSYoungGen      total 8704K, used 500K [0x00000000d5580000, 0x00000000d5f80000, 0x0000000100000000)
  eden space 8192K, 0% used [0x00000000d5580000,0x00000000d5580000,0x00000000d5d80000)
  from space 512K, 97% used [0x00000000d5e80000,0x00000000d5efd200,0x00000000d5f00000)
  to   space 512K, 0% used [0x00000000d5f00000,0x00000000d5f00000,0x00000000d5f80000)
 ParOldGen       total 128512K, used 128275K [0x0000000080000000, 0x0000000087d80000, 0x00000000d5580000)
  object space 128512K, 99% used [0x0000000080000000,0x0000000087d44de0,0x0000000087d80000)
 Metaspace       used 69581K, committed 71296K, reserved 1114112K
  class space    used 7436K, committed 8192K, reserved 1048576K

Card table byte_map: [0x000002afc9190000,0x000002afc95a0000] _byte_map_base: 0x000002afc8d90000

Marking Bits: (ParMarkBitMap*) 0x00007ffb04dd4460
 Begin Bits: [0x000002afdbca0000, 0x000002afddca0000)
 End Bits:   [0x000002afddca0000, 0x000002afdfca0000)

Polling page: 0x000002afc75f0000

Metaspace:

Usage:
  Non-class:     60.69 MB used.
      Class:      7.26 MB used.
       Both:     67.95 MB used.

Virtual space:
  Non-class space:       64.00 MB reserved,      61.62 MB ( 96%) committed,  1 nodes.
      Class space:        1.00 GB reserved,       8.00 MB ( <1%) committed,  1 nodes.
             Both:        1.06 GB reserved,      69.62 MB (  6%) committed. 

Chunk freelists:
   Non-Class:  2.14 MB
       Class:  7.98 MB
        Both:  10.12 MB

MaxMetaspaceSize: unlimited
CompressedClassSpaceSize: 1.00 GB
Initial GC threshold: 21.00 MB
Current GC threshold: 97.31 MB
CDS: on
 - commit_granule_bytes: 65536.
 - commit_granule_words: 8192.
 - virtual_space_node_default_size: 8388608.
 - enlarge_chunks_in_place: 1.
 - use_allocation_guard: 0.


Internal statistics:

num_allocs_failed_limit: 9.
num_arena_births: 1322.
num_arena_deaths: 20.
num_vsnodes_births: 2.
num_vsnodes_deaths: 0.
num_space_committed: 1114.
num_space_uncommitted: 0.
num_chunks_returned_to_freelist: 32.
num_chunks_taken_from_freelist: 4756.
num_chunk_merges: 12.
num_chunk_splits: 2857.
num_chunks_enlarged: 1530.
num_inconsistent_stats: 0.

CodeHeap 'non-profiled nmethods': size=120000Kb used=6284Kb max_used=6284Kb free=113715Kb
 bounds [0x000002afd44c0000, 0x000002afd4af0000, 0x000002afdb9f0000]
CodeHeap 'profiled nmethods': size=120000Kb used=21746Kb max_used=21746Kb free=98253Kb
 bounds [0x000002afcc9f0000, 0x000002afcdf30000, 0x000002afd3f20000]
CodeHeap 'non-nmethods': size=5760Kb used=1463Kb max_used=1537Kb free=4296Kb
 bounds [0x000002afd3f20000, 0x000002afd4190000, 0x000002afd44c0000]
CodeCache: size=245760Kb, used=29493Kb, max_used=29567Kb, free=216264Kb
 total_blobs=11399, nmethods=10615, adapters=689, full_count=0
Compilation: enabled, stopped_count=0, restarted_count=0

Compilation events (20 events):
Event: 18.689 Thread 0x000002afe1531fb0 nmethod 11454 0x000002afcdf24910 code [0x000002afcdf24b80, 0x000002afcdf25248]
Event: 18.689 Thread 0x000002afe1531fb0 11456       2       lombok.eclipse.TransformEclipseAST$AnnotationVisitor::visitAnnotationOnField (41 bytes)
Event: 18.689 Thread 0x000002afe1531fb0 nmethod 11456 0x000002afcdf25690 code [0x000002afcdf25840, 0x000002afcdf25a48]
Event: 18.689 Thread 0x000002afe1531fb0 11462       2       lombok.eclipse.agent.PatchDelegate::charArrayEquals (60 bytes)
Event: 18.689 Thread 0x000002afe1531fb0 nmethod 11462 0x000002afcdf25c10 code [0x000002afcdf25de0, 0x000002afcdf261b8]
Event: 18.689 Thread 0x000002afe1531fb0 11463       2       org.eclipse.jdt.internal.compiler.ast.QualifiedTypeReference::getLastToken (13 bytes)
Event: 18.689 Thread 0x000002afe1531fb0 nmethod 11463 0x000002afcdf26410 code [0x000002afcdf265a0, 0x000002afcdf266d0]
Event: 18.689 Thread 0x000002afe1531fb0 11465       3       org.eclipse.jdt.internal.compiler.lookup.ModuleBinding::getVisiblePackage (472 bytes)
Event: 18.691 Thread 0x000002afe1531fb0 nmethod 11465 0x000002afcdf26790 code [0x000002afcdf26ce0, 0x000002afcdf29e18]
Event: 18.692 Thread 0x000002afe1531fb0 11457       2       org.eclipse.jdt.internal.compiler.lookup.PackageBinding::hasType0Any (28 bytes)
Event: 18.692 Thread 0x000002afe1531fb0 nmethod 11457 0x000002afcdf2b090 code [0x000002afcdf2b260, 0x000002afcdf2b490]
Event: 18.692 Thread 0x000002afe1531fb0 11464       2       org.eclipse.jdt.internal.core.util.LRUCache::updateTimestamp (36 bytes)
Event: 18.692 Thread 0x000002afe1531fb0 nmethod 11464 0x000002afcdf2b610 code [0x000002afcdf2b7c0, 0x000002afcdf2b968]
Event: 18.692 Thread 0x000002afe1531fb0 11461       2       lombok.eclipse.agent.PatchDelegate::isDelegate (90 bytes)
Event: 18.693 Thread 0x000002afe1531fb0 nmethod 11461 0x000002afcdf2ba90 code [0x000002afcdf2bce0, 0x000002afcdf2c0b0]
Event: 18.693 Thread 0x000002afe1531fb0 11458       2       org.eclipse.jdt.internal.core.SearchableEnvironment$$Lambda/0x000002af81713660::apply (5 bytes)
Event: 18.693 Thread 0x000002afe1531fb0 nmethod 11458 0x000002afcdf2c310 code [0x000002afcdf2c4a0, 0x000002afcdf2c638]
Event: 18.693 Thread 0x000002afe1531fb0 11459       2       org.eclipse.jdt.internal.core.SearchableEnvironment::lambda$3 (5 bytes)
Event: 18.693 Thread 0x000002afe1531fb0 nmethod 11459 0x000002afcdf2c710 code [0x000002afcdf2c8a0, 0x000002afcdf2ca18]
Event: 18.693 Thread 0x000002afe1531fb0 11466       2       java.lang.String::regionMatches (183 bytes)

GC Heap History (20 events):
Event: 15.630 GC heap after
{Heap after GC invocations=176 (full 3):
 PSYoungGen      total 10240K, used 1509K [0x00000000d5580000, 0x00000000d6400000, 0x0000000100000000)
  eden space 8704K, 0% used [0x00000000d5580000,0x00000000d5580000,0x00000000d5e00000)
  from space 1536K, 98% used [0x00000000d5e00000,0x00000000d5f79760,0x00000000d5f80000)
  to   space 3072K, 0% used [0x00000000d6100000,0x00000000d6100000,0x00000000d6400000)
 ParOldGen       total 95232K, used 95148K [0x0000000080000000, 0x0000000085d00000, 0x00000000d5580000)
  object space 95232K, 99% used [0x0000000080000000,0x0000000085ceb398,0x0000000085d00000)
 Metaspace       used 65732K, committed 67264K, reserved 1114112K
  class space    used 7041K, committed 7744K, reserved 1048576K
}
Event: 15.739 GC heap before
{Heap before GC invocations=177 (full 3):
 PSYoungGen      total 10240K, used 10213K [0x00000000d5580000, 0x00000000d6400000, 0x0000000100000000)
  eden space 8704K, 100% used [0x00000000d5580000,0x00000000d5e00000,0x00000000d5e00000)
  from space 1536K, 98% used [0x00000000d5e00000,0x00000000d5f79760,0x00000000d5f80000)
  to   space 3072K, 0% used [0x00000000d6100000,0x00000000d6100000,0x00000000d6400000)
 ParOldGen       total 95232K, used 95148K [0x0000000080000000, 0x0000000085d00000, 0x00000000d5580000)
  object space 95232K, 99% used [0x0000000080000000,0x0000000085ceb398,0x0000000085d00000)
 Metaspace       used 66605K, committed 68224K, reserved 1114112K
  class space    used 7119K, committed 7808K, reserved 1048576K
}
Event: 15.741 GC heap after
{Heap after GC invocations=177 (full 3):
 PSYoungGen      total 10240K, used 1198K [0x00000000d5580000, 0x00000000d6280000, 0x0000000100000000)
  eden space 8704K, 0% used [0x00000000d5580000,0x00000000d5580000,0x00000000d5e00000)
  from space 1536K, 78% used [0x00000000d6100000,0x00000000d622ba50,0x00000000d6280000)
  to   space 2048K, 0% used [0x00000000d5e80000,0x00000000d5e80000,0x00000000d6080000)
 ParOldGen       total 96768K, used 96572K [0x0000000080000000, 0x0000000085e80000, 0x00000000d5580000)
  object space 96768K, 99% used [0x0000000080000000,0x0000000085e4f3d8,0x0000000085e80000)
 Metaspace       used 66605K, committed 68224K, reserved 1114112K
  class space    used 7119K, committed 7808K, reserved 1048576K
}
Event: 15.758 GC heap before
{Heap before GC invocations=178 (full 3):
 PSYoungGen      total 10240K, used 9902K [0x00000000d5580000, 0x00000000d6280000, 0x0000000100000000)
  eden space 8704K, 99% used [0x00000000d5580000,0x00000000d5dfffc0,0x00000000d5e00000)
  from space 1536K, 78% used [0x00000000d6100000,0x00000000d622ba50,0x00000000d6280000)
  to   space 2048K, 0% used [0x00000000d5e80000,0x00000000d5e80000,0x00000000d6080000)
 ParOldGen       total 96768K, used 96572K [0x0000000080000000, 0x0000000085e80000, 0x00000000d5580000)
  object space 96768K, 99% used [0x0000000080000000,0x0000000085e4f3d8,0x0000000085e80000)
 Metaspace       used 66755K, committed 68352K, reserved 1114112K
  class space    used 7134K, committed 7808K, reserved 1048576K
}
Event: 15.760 GC heap after
{Heap after GC invocations=178 (full 3):
 PSYoungGen      total 10752K, used 2045K [0x00000000d5580000, 0x00000000d6600000, 0x0000000100000000)
  eden space 8704K, 0% used [0x00000000d5580000,0x00000000d5580000,0x00000000d5e00000)
  from space 2048K, 99% used [0x00000000d5e80000,0x00000000d607f4c0,0x00000000d6080000)
  to   space 4096K, 0% used [0x00000000d6200000,0x00000000d6200000,0x00000000d6600000)
 ParOldGen       total 98304K, used 97992K [0x0000000080000000, 0x0000000086000000, 0x00000000d5580000)
  object space 98304K, 99% used [0x0000000080000000,0x0000000085fb20e8,0x0000000086000000)
 Metaspace       used 66755K, committed 68352K, reserved 1114112K
  class space    used 7134K, committed 7808K, reserved 1048576K
}
Event: 15.793 GC heap before
{Heap before GC invocations=179 (full 3):
 PSYoungGen      total 10752K, used 10749K [0x00000000d5580000, 0x00000000d6600000, 0x0000000100000000)
  eden space 8704K, 99% used [0x00000000d5580000,0x00000000d5dfffe8,0x00000000d5e00000)
  from space 2048K, 99% used [0x00000000d5e80000,0x00000000d607f4c0,0x00000000d6080000)
  to   space 4096K, 0% used [0x00000000d6200000,0x00000000d6200000,0x00000000d6600000)
 ParOldGen       total 98304K, used 97992K [0x0000000080000000, 0x0000000086000000, 0x00000000d5580000)
  object space 98304K, 99% used [0x0000000080000000,0x0000000085fb20e8,0x0000000086000000)
 Metaspace       used 67089K, committed 68736K, reserved 1114112K
  class space    used 7173K, committed 7872K, reserved 1048576K
}
Event: 15.795 GC heap after
{Heap after GC invocations=179 (full 3):
 PSYoungGen      total 11264K, used 2107K [0x00000000d5580000, 0x00000000d6480000, 0x0000000100000000)
  eden space 8704K, 0% used [0x00000000d5580000,0x00000000d5580000,0x00000000d5e00000)
  from space 2560K, 82% used [0x00000000d6200000,0x00000000d640ec88,0x00000000d6480000)
  to   space 3072K, 0% used [0x00000000d5e80000,0x00000000d5e80000,0x00000000d6180000)
 ParOldGen       total 100352K, used 100010K [0x0000000080000000, 0x0000000086200000, 0x00000000d5580000)
  object space 100352K, 99% used [0x0000000080000000,0x00000000861aa880,0x0000000086200000)
 Metaspace       used 67089K, committed 68736K, reserved 1114112K
  class space    used 7173K, committed 7872K, reserved 1048576K
}
Event: 15.867 GC heap before
{Heap before GC invocations=180 (full 3):
 PSYoungGen      total 11264K, used 10811K [0x00000000d5580000, 0x00000000d6480000, 0x0000000100000000)
  eden space 8704K, 100% used [0x00000000d5580000,0x00000000d5e00000,0x00000000d5e00000)
  from space 2560K, 82% used [0x00000000d6200000,0x00000000d640ec88,0x00000000d6480000)
  to   space 3072K, 0% used [0x00000000d5e80000,0x00000000d5e80000,0x00000000d6180000)
 ParOldGen       total 100352K, used 100010K [0x0000000080000000, 0x0000000086200000, 0x00000000d5580000)
  object space 100352K, 99% used [0x0000000080000000,0x00000000861aa880,0x0000000086200000)
 Metaspace       used 67562K, committed 69184K, reserved 1114112K
  class space    used 7229K, committed 7936K, reserved 1048576K
}
Event: 15.869 GC heap after
{Heap after GC invocations=180 (full 3):
 PSYoungGen      total 10240K, used 1397K [0x00000000d5580000, 0x00000000d6280000, 0x0000000100000000)
  eden space 8704K, 0% used [0x00000000d5580000,0x00000000d5580000,0x00000000d5e00000)
  from space 1536K, 90% used [0x00000000d5e80000,0x00000000d5fdd4f0,0x00000000d6000000)
  to   space 2048K, 0% used [0x00000000d6080000,0x00000000d6080000,0x00000000d6280000)
 ParOldGen       total 101888K, used 101694K [0x0000000080000000, 0x0000000086380000, 0x00000000d5580000)
  object space 101888K, 99% used [0x0000000080000000,0x000000008634f938,0x0000000086380000)
 Metaspace       used 67562K, committed 69184K, reserved 1114112K
  class space    used 7229K, committed 7936K, reserved 1048576K
}
Event: 16.022 GC heap before
{Heap before GC invocations=181 (full 3):
 PSYoungGen      total 10240K, used 10101K [0x00000000d5580000, 0x00000000d6280000, 0x0000000100000000)
  eden space 8704K, 100% used [0x00000000d5580000,0x00000000d5e00000,0x00000000d5e00000)
  from space 1536K, 90% used [0x00000000d5e80000,0x00000000d5fdd4f0,0x00000000d6000000)
  to   space 2048K, 0% used [0x00000000d6080000,0x00000000d6080000,0x00000000d6280000)
 ParOldGen       total 101888K, used 101694K [0x0000000080000000, 0x0000000086380000, 0x00000000d5580000)
  object space 101888K, 99% used [0x0000000080000000,0x000000008634f938,0x0000000086380000)
 Metaspace       used 68039K, committed 69632K, reserved 1114112K
  class space    used 7270K, committed 8000K, reserved 1048576K
}
Event: 16.024 GC heap after
{Heap after GC invocations=181 (full 3):
 PSYoungGen      total 9728K, used 768K [0x00000000d5580000, 0x00000000d6180000, 0x0000000100000000)
  eden space 8704K, 0% used [0x00000000d5580000,0x00000000d5580000,0x00000000d5e00000)
  from space 1024K, 75% used [0x00000000d6080000,0x00000000d6140020,0x00000000d6180000)
  to   space 1536K, 0% used [0x00000000d5e80000,0x00000000d5e80000,0x00000000d6000000)
 ParOldGen       total 102400K, used 102166K [0x0000000080000000, 0x0000000086400000, 0x00000000d5580000)
  object space 102400K, 99% used [0x0000000080000000,0x00000000863c5938,0x0000000086400000)
 Metaspace       used 68039K, committed 69632K, reserved 1114112K
  class space    used 7270K, committed 8000K, reserved 1048576K
}
Event: 16.224 GC heap before
{Heap before GC invocations=182 (full 3):
 PSYoungGen      total 9728K, used 9472K [0x00000000d5580000, 0x00000000d6180000, 0x0000000100000000)
  eden space 8704K, 100% used [0x00000000d5580000,0x00000000d5e00000,0x00000000d5e00000)
  from space 1024K, 75% used [0x00000000d6080000,0x00000000d6140020,0x00000000d6180000)
  to   space 1536K, 0% used [0x00000000d5e80000,0x00000000d5e80000,0x00000000d6000000)
 ParOldGen       total 102400K, used 102166K [0x0000000080000000, 0x0000000086400000, 0x00000000d5580000)
  object space 102400K, 99% used [0x0000000080000000,0x00000000863c5938,0x0000000086400000)
 Metaspace       used 68463K, committed 70080K, reserved 1114112K
  class space    used 7317K, committed 8000K, reserved 1048576K
}
Event: 16.227 GC heap after
{Heap after GC invocations=182 (full 3):
 PSYoungGen      total 10240K, used 1184K [0x00000000d5580000, 0x00000000d6100000, 0x0000000100000000)
  eden space 8704K, 0% used [0x00000000d5580000,0x00000000d5580000,0x00000000d5e00000)
  from space 1536K, 77% used [0x00000000d5e80000,0x00000000d5fa8010,0x00000000d6000000)
  to   space 1024K, 0% used [0x00000000d6000000,0x00000000d6000000,0x00000000d6100000)
 ParOldGen       total 102912K, used 102770K [0x0000000080000000, 0x0000000086480000, 0x00000000d5580000)
  object space 102912K, 99% used [0x0000000080000000,0x000000008645cba8,0x0000000086480000)
 Metaspace       used 68463K, committed 70080K, reserved 1114112K
  class space    used 7317K, committed 8000K, reserved 1048576K
}
Event: 16.286 GC heap before
{Heap before GC invocations=183 (full 3):
 PSYoungGen      total 10240K, used 9888K [0x00000000d5580000, 0x00000000d6100000, 0x0000000100000000)
  eden space 8704K, 100% used [0x00000000d5580000,0x00000000d5e00000,0x00000000d5e00000)
  from space 1536K, 77% used [0x00000000d5e80000,0x00000000d5fa8010,0x00000000d6000000)
  to   space 1024K, 0% used [0x00000000d6000000,0x00000000d6000000,0x00000000d6100000)
 ParOldGen       total 102912K, used 102770K [0x0000000080000000, 0x0000000086480000, 0x00000000d5580000)
  object space 102912K, 99% used [0x0000000080000000,0x000000008645cba8,0x0000000086480000)
 Metaspace       used 68713K, committed 70336K, reserved 1114112K
  class space    used 7353K, committed 8064K, reserved 1048576K
}
Event: 16.287 GC heap after
{Heap after GC invocations=183 (full 3):
 PSYoungGen      total 9216K, used 1024K [0x00000000d5580000, 0x00000000d6300000, 0x0000000100000000)
  eden space 8192K, 0% used [0x00000000d5580000,0x00000000d5580000,0x00000000d5d80000)
  from space 1024K, 100% used [0x00000000d6000000,0x00000000d6100000,0x00000000d6100000)
  to   space 2560K, 0% used [0x00000000d5d80000,0x00000000d5d80000,0x00000000d6000000)
 ParOldGen       total 103936K, used 103830K [0x0000000080000000, 0x0000000086580000, 0x00000000d5580000)
  object space 103936K, 99% used [0x0000000080000000,0x0000000086565bb8,0x0000000086580000)
 Metaspace       used 68713K, committed 70336K, reserved 1114112K
  class space    used 7353K, committed 8064K, reserved 1048576K
}
Event: 16.425 GC heap before
{Heap before GC invocations=184 (full 3):
 PSYoungGen      total 9216K, used 9216K [0x00000000d5580000, 0x00000000d6300000, 0x0000000100000000)
  eden space 8192K, 100% used [0x00000000d5580000,0x00000000d5d80000,0x00000000d5d80000)
  from space 1024K, 100% used [0x00000000d6000000,0x00000000d6100000,0x00000000d6100000)
  to   space 2560K, 0% used [0x00000000d5d80000,0x00000000d5d80000,0x00000000d6000000)
 ParOldGen       total 103936K, used 103830K [0x0000000080000000, 0x0000000086580000, 0x00000000d5580000)
  object space 103936K, 99% used [0x0000000080000000,0x0000000086565bb8,0x0000000086580000)
 Metaspace       used 69313K, committed 70912K, reserved 1114112K
  class space    used 7416K, committed 8128K, reserved 1048576K
}
Event: 16.427 GC heap after
{Heap after GC invocations=184 (full 3):
 PSYoungGen      total 9216K, used 613K [0x00000000d5580000, 0x00000000d6080000, 0x0000000100000000)
  eden space 8192K, 0% used [0x00000000d5580000,0x00000000d5580000,0x00000000d5d80000)
  from space 1024K, 59% used [0x00000000d5d80000,0x00000000d5e19420,0x00000000d5e80000)
  to   space 1536K, 0% used [0x00000000d5f00000,0x00000000d5f00000,0x00000000d6080000)
 ParOldGen       total 104448K, used 104286K [0x0000000080000000, 0x0000000086600000, 0x00000000d5580000)
  object space 104448K, 99% used [0x0000000080000000,0x00000000865d7bb8,0x0000000086600000)
 Metaspace       used 69313K, committed 70912K, reserved 1114112K
  class space    used 7416K, committed 8128K, reserved 1048576K
}
Event: 16.449 GC heap before
{Heap before GC invocations=185 (full 3):
 PSYoungGen      total 9216K, used 8805K [0x00000000d5580000, 0x00000000d6080000, 0x0000000100000000)
  eden space 8192K, 100% used [0x00000000d5580000,0x00000000d5d80000,0x00000000d5d80000)
  from space 1024K, 59% used [0x00000000d5d80000,0x00000000d5e19420,0x00000000d5e80000)
  to   space 1536K, 0% used [0x00000000d5f00000,0x00000000d5f00000,0x00000000d6080000)
 ParOldGen       total 128000K, used 127326K [0x0000000080000000, 0x0000000087d00000, 0x00000000d5580000)
  object space 128000K, 99% used [0x0000000080000000,0x0000000087c57bd8,0x0000000087d00000)
 Metaspace       used 69366K, committed 70976K, reserved 1114112K
  class space    used 7424K, committed 8128K, reserved 1048576K
}
Event: 16.450 GC heap after
{Heap after GC invocations=185 (full 3):
 PSYoungGen      total 8704K, used 288K [0x00000000d5580000, 0x00000000d5f80000, 0x0000000100000000)
  eden space 8192K, 0% used [0x00000000d5580000,0x00000000d5580000,0x00000000d5d80000)
  from space 512K, 56% used [0x00000000d5f00000,0x00000000d5f48000,0x00000000d5f80000)
  to   space 512K, 0% used [0x00000000d5e80000,0x00000000d5e80000,0x00000000d5f00000)
 ParOldGen       total 128000K, used 127795K [0x0000000080000000, 0x0000000087d00000, 0x00000000d5580000)
  object space 128000K, 99% used [0x0000000080000000,0x0000000087cccd70,0x0000000087d00000)
 Metaspace       used 69366K, committed 70976K, reserved 1114112K
  class space    used 7424K, committed 8128K, reserved 1048576K
}
Event: 18.694 GC heap before
{Heap before GC invocations=186 (full 3):
 PSYoungGen      total 8704K, used 8480K [0x00000000d5580000, 0x00000000d5f80000, 0x0000000100000000)
  eden space 8192K, 100% used [0x00000000d5580000,0x00000000d5d80000,0x00000000d5d80000)
  from space 512K, 56% used [0x00000000d5f00000,0x00000000d5f48000,0x00000000d5f80000)
  to   space 512K, 0% used [0x00000000d5e80000,0x00000000d5e80000,0x00000000d5f00000)
 ParOldGen       total 128000K, used 127795K [0x0000000080000000, 0x0000000087d00000, 0x00000000d5580000)
  object space 128000K, 99% used [0x0000000080000000,0x0000000087cccd70,0x0000000087d00000)
 Metaspace       used 69581K, committed 71296K, reserved 1114112K
  class space    used 7436K, committed 8192K, reserved 1048576K
}

Dll operation events (10 events):
Event: 0.014 Loaded shared library c:\Users\katiy\.vscode\extensions\redhat.java-1.55.0-win32-x64\jre\21.0.11-win32-x86_64\bin\java.dll
Event: 0.079 Loaded shared library c:\Users\katiy\.vscode\extensions\redhat.java-1.55.0-win32-x64\jre\21.0.11-win32-x86_64\bin\zip.dll
Event: 0.101 Loaded shared library C:\Users\katiy\.vscode\extensions\redhat.java-1.55.0-win32-x64\jre\21.0.11-win32-x86_64\bin\instrument.dll
Event: 0.107 Loaded shared library C:\Users\katiy\.vscode\extensions\redhat.java-1.55.0-win32-x64\jre\21.0.11-win32-x86_64\bin\net.dll
Event: 0.109 Loaded shared library C:\Users\katiy\.vscode\extensions\redhat.java-1.55.0-win32-x64\jre\21.0.11-win32-x86_64\bin\nio.dll
Event: 0.112 Loaded shared library C:\Users\katiy\.vscode\extensions\redhat.java-1.55.0-win32-x64\jre\21.0.11-win32-x86_64\bin\zip.dll
Event: 0.131 Loaded shared library C:\Users\katiy\.vscode\extensions\redhat.java-1.55.0-win32-x64\jre\21.0.11-win32-x86_64\bin\jimage.dll
Event: 0.216 Loaded shared library c:\Users\katiy\.vscode\extensions\redhat.java-1.55.0-win32-x64\jre\21.0.11-win32-x86_64\bin\verify.dll
Event: 1.411 Loaded shared library C:\Users\katiy\AppData\Roaming\Code\User\globalStorage\redhat.java\1.55.0\config_win\org.eclipse.equinox.launcher\org.eclipse.equinox.launcher.win32.win32.x86_64_1.3.100.v20260613-0559\eclipse_11924.dll
Event: 4.576 Loaded shared library C:\Users\katiy\AppData\Local\Temp\jna-101821326\jna3110583912791967567.dll

Deoptimization events (20 events):
Event: 16.398 Thread 0x000002afe75c52d0 DEOPT PACKING pc=0x000002afcde7399e sp=0x000000b4d10f8240
Event: 16.398 Thread 0x000002afe75c52d0 DEOPT UNPACKING pc=0x000002afd3f74242 sp=0x000000b4d10f7720 mode 0
Event: 16.416 Thread 0x000002afe75c52d0 Uncommon trap: trap_request=0xffffff45 fr.pc=0x000002afd487b85c relative=0x000000000000027c
Event: 16.416 Thread 0x000002afe75c52d0 Uncommon trap: reason=unstable_if action=reinterpret pc=0x000002afd487b85c method=java.io.WinNTFileSystem.prefixLength(Ljava/lang/String;)I @ 11 c2
Event: 16.416 Thread 0x000002afe75c52d0 DEOPT PACKING pc=0x000002afd487b85c sp=0x000000b4d10fdbc0
Event: 16.416 Thread 0x000002afe75c52d0 DEOPT UNPACKING pc=0x000002afd3f73aa2 sp=0x000000b4d10fdb50 mode 2
Event: 16.433 Thread 0x000002afe75c52d0 DEOPT PACKING pc=0x000002afcde716aa sp=0x000000b4d10fc7e0
Event: 16.433 Thread 0x000002afe75c52d0 DEOPT UNPACKING pc=0x000002afd3f74242 sp=0x000000b4d10fbc78 mode 0
Event: 16.447 Thread 0x000002afe75c52d0 Uncommon trap: trap_request=0x000000ba fr.pc=0x000002afd4853df4 relative=0x00000000000001b4
Event: 16.448 Thread 0x000002afe75c52d0 Uncommon trap: reason=unloaded action=reinterpret pc=0x000002afd4853df4 method=sun.nio.fs.WindowsFileSystemProvider.readAttributes(Ljava/nio/file/Path;Ljava/lang/Class;[Ljava/nio/file/LinkOption;)Ljava/nio/file/attribute/BasicFileAttributes; @ 38 c2
Event: 16.448 Thread 0x000002afe75c52d0 DEOPT PACKING pc=0x000002afd4853df4 sp=0x000000b4d10fda50
Event: 16.448 Thread 0x000002afe75c52d0 DEOPT UNPACKING pc=0x000002afd3f73aa2 sp=0x000000b4d10fd988 mode 2
Event: 18.644 Thread 0x000002afe75c73a0 Uncommon trap: trap_request=0xffffff45 fr.pc=0x000002afd4abfd24 relative=0x0000000000000084
Event: 18.644 Thread 0x000002afe75c73a0 Uncommon trap: reason=unstable_if action=reinterpret pc=0x000002afd4abfd24 method=org.eclipse.jdt.internal.compiler.parser.ScannerHelper.isJavaIdentifierPart(JC)Z @ 4 c2
Event: 18.644 Thread 0x000002afe75c73a0 DEOPT PACKING pc=0x000002afd4abfd24 sp=0x000000b4d13fe580
Event: 18.644 Thread 0x000002afe75c73a0 DEOPT UNPACKING pc=0x000002afd3f73aa2 sp=0x000000b4d13fe518 mode 2
Event: 18.670 Thread 0x000002afe75c73a0 Uncommon trap: trap_request=0xffffff6e fr.pc=0x000002afd4ae223c relative=0x000000000000037c
Event: 18.670 Thread 0x000002afe75c73a0 Uncommon trap: reason=loop_limit_check action=maybe_recompile pc=0x000002afd4ae223c method=org.eclipse.jdt.core.compiler.CharOperation.concatWith([[CC)[C @ 121 c2
Event: 18.670 Thread 0x000002afe75c73a0 DEOPT PACKING pc=0x000002afd4ae223c sp=0x000000b4d13fe300
Event: 18.670 Thread 0x000002afe75c73a0 DEOPT UNPACKING pc=0x000002afd3f73aa2 sp=0x000000b4d13fe2c0 mode 2

Classes loaded (20 events):
Event: 15.775 Loading class java/util/stream/DistinctOps$1$2
Event: 15.775 Loading class java/util/stream/DistinctOps$1$2 done
Event: 15.782 Loading class java/nio/file/Files$2
Event: 15.782 Loading class java/nio/file/Files$2 done
Event: 15.930 Loading class jdk/internal/module/IllegalAccessLogger
Event: 15.930 Loading class jdk/internal/module/IllegalAccessLogger done
Event: 15.941 Loading class java/util/concurrent/ArrayBlockingQueue
Event: 15.942 Loading class java/util/concurrent/ArrayBlockingQueue done
Event: 16.057 Loading class sun/nio/ch/ChannelOutputStream
Event: 16.057 Loading class sun/nio/ch/ChannelOutputStream done
Event: 16.445 Loading class java/nio/BufferMismatch
Event: 16.445 Loading class java/nio/BufferMismatch done
Event: 16.446 Loading class java/nio/file/attribute/PosixFileAttributes
Event: 16.447 Loading class java/nio/file/attribute/PosixFileAttributes done
Event: 16.508 Loading class java/util/AbstractList$RandomAccessSubList
Event: 16.508 Loading class java/util/AbstractList$SubList
Event: 16.508 Loading class java/util/AbstractList$SubList done
Event: 16.508 Loading class java/util/AbstractList$RandomAccessSubList done
Event: 16.509 Loading class java/util/AbstractList$SubList$1
Event: 16.509 Loading class java/util/AbstractList$SubList$1 done

Classes unloaded (10 events):
Event: 5.415 Thread 0x000002afc9890a40 Unloading class 0x000002af811a8c00 'java/lang/invoke/LambdaForm$MH+0x000002af811a8c00'
Event: 5.415 Thread 0x000002afc9890a40 Unloading class 0x000002af811a8800 'java/lang/invoke/LambdaForm$MH+0x000002af811a8800'
Event: 5.415 Thread 0x000002afc9890a40 Unloading class 0x000002af811a8400 'java/lang/invoke/LambdaForm$MH+0x000002af811a8400'
Event: 5.415 Thread 0x000002afc9890a40 Unloading class 0x000002af811a8000 'java/lang/invoke/LambdaForm$MH+0x000002af811a8000'
Event: 5.415 Thread 0x000002afc9890a40 Unloading class 0x000002af811a7c00 'java/lang/invoke/LambdaForm$BMH+0x000002af811a7c00'
Event: 5.415 Thread 0x000002afc9890a40 Unloading class 0x000002af811a7800 'java/lang/invoke/LambdaForm$DMH+0x000002af811a7800'
Event: 5.415 Thread 0x000002afc9890a40 Unloading class 0x000002af811a6400 'java/lang/invoke/LambdaForm$DMH+0x000002af811a6400'
Event: 13.575 Thread 0x000002afc9890a40 Unloading class 0x000002af8163d400 'java/lang/invoke/LambdaForm$MH+0x000002af8163d400'
Event: 13.575 Thread 0x000002afc9890a40 Unloading class 0x000002af8163c800 'java/lang/invoke/LambdaForm$MH+0x000002af8163c800'
Event: 13.575 Thread 0x000002afc9890a40 Unloading class 0x000002af8163c000 'java/lang/invoke/LambdaForm$MH+0x000002af8163c000'

Classes redefined (0 events):
No events

Internal exceptions (20 events):
Event: 15.051 Thread 0x000002afe292d920 Exception <a 'sun/nio/fs/WindowsException'{0x00000000d5a13ec8}> (0x00000000d5a13ec8) 
thrown [s\src\hotspot\share\prims\jni.cpp, line 520]
Event: 15.139 Thread 0x000002afe75c5ff0 Exception <a 'java/lang/NoSuchMethodError'{0x00000000d5a15578}: 'java.lang.Object java.lang.invoke.DirectMethodHandle$Holder.invokeStatic(java.lang.Object, java.lang.Object, int, java.lang.Object)'> (0x00000000d5a15578) 
thrown [s\src\hotspot\share\interpreter\linkResolver.cpp, line 773]
Event: 15.140 Thread 0x000002afe75c5ff0 Exception <a 'java/lang/NoSuchMethodError'{0x00000000d5a52230}: 'java.lang.Object java.lang.invoke.DirectMethodHandle$Holder.newInvokeSpecial(java.lang.Object, java.lang.Object, int)'> (0x00000000d5a52230) 
thrown [s\src\hotspot\share\interpreter\linkResolver.cpp, line 773]
Event: 15.169 Thread 0x000002afe75c5ff0 Exception <a 'java/lang/NoSuchMethodError'{0x00000000d559aae0}: 'void java.lang.invoke.DelegatingMethodHandle$Holder.reinvoke_L(java.lang.Object, java.lang.Object, java.lang.Object, int, java.lang.Object, int, int)'> (0x00000000d559aae0) 
thrown [s\src\hotspot\share\interpreter\linkResolver.cpp, line 773]
Event: 15.184 Thread 0x000002afe75c73a0 Exception <a 'java/lang/NoSuchMethodError'{0x00000000d580d998}: 'java.lang.Object java.lang.invoke.DirectMethodHandle$Holder.invokeStatic(java.lang.Object, java.lang.Object, int, java.lang.Object, java.lang.Object)'> (0x00000000d580d998) 
thrown [s\src\hotspot\share\interpreter\linkResolver.cpp, line 773]
Event: 15.332 Thread 0x000002afe75c73a0 Exception <a 'java/io/FileNotFoundException'{0x00000000d5dfe690}> (0x00000000d5dfe690) 
thrown [s\src\hotspot\share\prims\jni.cpp, line 520]
Event: 15.335 Thread 0x000002afe75c73a0 Exception <a 'java/io/FileNotFoundException'{0x00000000d5e33c98}> (0x00000000d5e33c98) 
thrown [s\src\hotspot\share\prims\jni.cpp, line 520]
Event: 15.335 Thread 0x000002afe75c73a0 Exception <a 'java/io/FileNotFoundException'{0x00000000d5593170}> (0x00000000d5593170) 
thrown [s\src\hotspot\share\prims\jni.cpp, line 520]
Event: 15.412 Thread 0x000002afe75c6d10 Exception <a 'sun/nio/fs/WindowsException'{0x00000000d5a50c60}> (0x00000000d5a50c60) 
thrown [s\src\hotspot\share\prims\jni.cpp, line 520]
Event: 15.412 Thread 0x000002afe75c6d10 Exception <a 'sun/nio/fs/WindowsException'{0x00000000d5a51388}> (0x00000000d5a51388) 
thrown [s\src\hotspot\share\prims\jni.cpp, line 520]
Event: 15.555 Thread 0x000002afe75c52d0 Exception <a 'sun/nio/fs/WindowsException'{0x00000000d56527f8}> (0x00000000d56527f8) 
thrown [s\src\hotspot\share\prims\jni.cpp, line 520]
Event: 15.555 Thread 0x000002afe75c52d0 Exception <a 'sun/nio/fs/WindowsException'{0x00000000d5652c08}> (0x00000000d5652c08) 
thrown [s\src\hotspot\share\prims\jni.cpp, line 520]
Event: 16.074 Thread 0x000002afe75c52d0 Exception <a 'java/lang/NoSuchMethodError'{0x00000000d56d71e0}: 'java.lang.Object java.lang.invoke.DirectMethodHandle$Holder.newInvokeSpecial(java.lang.Object, java.lang.Object, int, java.lang.Object, java.lang.Object)'> (0x00000000d56d71e0) 
thrown [s\src\hotspot\share\interpreter\linkResolver.cpp, line 773]
Event: 16.077 Thread 0x000002afe75c52d0 Exception <a 'java/lang/NoSuchMethodError'{0x00000000d56f1288}: 'java.lang.Object java.lang.invoke.DirectMethodHandle$Holder.invokeSpecial(java.lang.Object, java.lang.Object, java.lang.Object, int, java.lang.Object, java.lang.Object, java.lang.Object)'> (0x00000000d56f1288) 
thrown [s\src\hotspot\share\interpreter\linkResolver.cpp, line 773]
Event: 16.087 Thread 0x000002afe75c52d0 Exception <a 'java/lang/NoSuchMethodError'{0x00000000d5778148}: 'void java.lang.invoke.DirectMethodHandle$Holder.invokeStatic(java.lang.Object, int)'> (0x00000000d5778148) 
thrown [s\src\hotspot\share\interpreter\linkResolver.cpp, line 773]
Event: 16.235 Thread 0x000002afe75c52d0 Exception <a 'java/io/FileNotFoundException'{0x00000000d5609ce8}> (0x00000000d5609ce8) 
thrown [s\src\hotspot\share\prims\jni.cpp, line 520]
Event: 16.235 Thread 0x000002afe75c52d0 Exception <a 'java/io/FileNotFoundException'{0x00000000d560af80}> (0x00000000d560af80) 
thrown [s\src\hotspot\share\prims\jni.cpp, line 520]
Event: 16.235 Thread 0x000002afe75c52d0 Exception <a 'java/io/FileNotFoundException'{0x00000000d560bf70}> (0x00000000d560bf70) 
thrown [s\src\hotspot\share\prims\jni.cpp, line 520]
Event: 16.307 Thread 0x000002afe75c52d0 Implicit null exception at 0x000002afd47aca1b to 0x000002afd47ad8b0
Event: 16.552 Thread 0x000002afe75c52d0 Exception <a 'java/lang/NoSuchMethodError'{0x00000000d57ec390}: 'void java.lang.invoke.DirectMethodHandle$Holder.invokeSpecial(java.lang.Object, java.lang.Object, java.lang.Object, java.lang.Object, java.lang.Object, java.lang.Object, java.lang.Object)'> (0x00000000d57ec390) 
thrown [s\src\hotspot\share\interpreter\linkResolver.cpp, line 773]

ZGC Phase Switch (0 events):
No events

VM Operations (20 events):
Event: 15.760 Executing safepoint VM operation: ParallelGCFailedAllocation (Allocation Failure) done
Event: 15.793 Executing safepoint VM operation: ParallelGCFailedAllocation (Allocation Failure)
Event: 15.795 Executing safepoint VM operation: ParallelGCFailedAllocation (Allocation Failure) done
Event: 15.867 Executing safepoint VM operation: ParallelGCFailedAllocation (Allocation Failure)
Event: 15.869 Executing safepoint VM operation: ParallelGCFailedAllocation (Allocation Failure) done
Event: 16.021 Executing safepoint VM operation: ParallelGCFailedAllocation (Allocation Failure)
Event: 16.024 Executing safepoint VM operation: ParallelGCFailedAllocation (Allocation Failure) done
Event: 16.054 Executing non-safepoint VM operation: HandshakeAllThreads (Deoptimize)
Event: 16.054 Executing non-safepoint VM operation: HandshakeAllThreads (Deoptimize) done
Event: 16.224 Executing safepoint VM operation: ParallelGCFailedAllocation (Allocation Failure)
Event: 16.227 Executing safepoint VM operation: ParallelGCFailedAllocation (Allocation Failure) done
Event: 16.286 Executing safepoint VM operation: ParallelGCFailedAllocation (Allocation Failure)
Event: 16.287 Executing safepoint VM operation: ParallelGCFailedAllocation (Allocation Failure) done
Event: 16.425 Executing safepoint VM operation: ParallelGCFailedAllocation (Allocation Failure)
Event: 16.427 Executing safepoint VM operation: ParallelGCFailedAllocation (Allocation Failure) done
Event: 16.449 Executing safepoint VM operation: ParallelGCFailedAllocation (Allocation Failure)
Event: 16.450 Executing safepoint VM operation: ParallelGCFailedAllocation (Allocation Failure) done
Event: 18.451 Executing safepoint VM operation: Cleanup
Event: 18.451 Executing safepoint VM operation: Cleanup done
Event: 18.693 Executing safepoint VM operation: ParallelGCFailedAllocation (Allocation Failure)

Memory protections (0 events):
No events

Nmethod flushes (20 events):
Event: 13.593 Thread 0x000002afc9890a40 flushing  nmethod 0x000002afcd19ac10
Event: 13.593 Thread 0x000002afc9890a40 flushing  nmethod 0x000002afcd19e910
Event: 13.593 Thread 0x000002afc9890a40 flushing  nmethod 0x000002afcd1a7d90
Event: 13.593 Thread 0x000002afc9890a40 flushing  nmethod 0x000002afcd1c9490
Event: 13.593 Thread 0x000002afc9890a40 flushing osr nmethod 0x000002afcd1d8290
Event: 13.593 Thread 0x000002afc9890a40 flushing osr nmethod 0x000002afcd1dd310
Event: 13.593 Thread 0x000002afc9890a40 flushing osr nmethod 0x000002afcd216190
Event: 13.593 Thread 0x000002afc9890a40 flushing  nmethod 0x000002afcd23a310
Event: 13.593 Thread 0x000002afc9890a40 flushing  nmethod 0x000002afcd241c90
Event: 13.593 Thread 0x000002afc9890a40 flushing  nmethod 0x000002afcd242610
Event: 13.593 Thread 0x000002afc9890a40 flushing  nmethod 0x000002afcd245b10
Event: 13.593 Thread 0x000002afc9890a40 flushing  nmethod 0x000002afcd246a10
Event: 13.593 Thread 0x000002afc9890a40 flushing  nmethod 0x000002afcd246d90
Event: 13.593 Thread 0x000002afc9890a40 flushing  nmethod 0x000002afcd24a690
Event: 13.593 Thread 0x000002afc9890a40 flushing  nmethod 0x000002afcd262890
Event: 13.593 Thread 0x000002afc9890a40 flushing  nmethod 0x000002afcd26ec10
Event: 13.593 Thread 0x000002afc9890a40 flushing  nmethod 0x000002afcd26f210
Event: 13.593 Thread 0x000002afc9890a40 flushing  nmethod 0x000002afcd26f910
Event: 13.593 Thread 0x000002afc9890a40 flushing  nmethod 0x000002afcd270190
Event: 13.593 Thread 0x000002afc9890a40 flushing  nmethod 0x000002afcd273510

Events (20 events):
Event: 14.561 Thread 0x000002afea5f8790 Thread exited: 0x000002afea5f8790
Event: 14.561 Thread 0x000002afe292ab30 Thread exited: 0x000002afe292ab30
Event: 14.561 Thread 0x000002afe292b1c0 Thread exited: 0x000002afe292b1c0
Event: 14.561 Thread 0x000002afe292dfb0 Thread exited: 0x000002afe292dfb0
Event: 14.561 Thread 0x000002afe292b850 Thread exited: 0x000002afe292b850
Event: 15.612 Thread 0x000002afe29290f0 Thread added: 0x000002afea5f8790
Event: 15.730 Thread 0x000002afe75c52d0 Thread added: 0x000002afea5f6d50
Event: 15.942 Thread 0x000002afe75c52d0 Thread added: 0x000002afea5f8100
Event: 16.269 Thread 0x000002afe75c52d0 Thread added: 0x000002afea5fa860
Event: 16.269 Thread 0x000002afe75c52d0 Thread added: 0x000002afea5f73e0
Event: 16.269 Thread 0x000002afe75c52d0 Thread added: 0x000002afea5faef0
Event: 16.270 Thread 0x000002afe75c52d0 Thread added: 0x000002afea5f94b0
Event: 16.270 Thread 0x000002afe75c52d0 Thread added: 0x000002afea5f8e20
Event: 16.294 Thread 0x000002afea5fa860 Thread exited: 0x000002afea5fa860
Event: 16.294 Thread 0x000002afea5faef0 Thread exited: 0x000002afea5faef0
Event: 16.294 Thread 0x000002afea5f73e0 Thread exited: 0x000002afea5f73e0
Event: 16.294 Thread 0x000002afea5f8e20 Thread exited: 0x000002afea5f8e20
Event: 16.294 Thread 0x000002afea5f94b0 Thread exited: 0x000002afea5f94b0
Event: 18.632 Thread 0x000002afe7c44250 Thread exited: 0x000002afe7c44250
Event: 18.643 Thread 0x000002afc98a4ba0 Thread added: 0x000002afe97d72f0


Dynamic libraries:
0x00007ff702560000 - 0x00007ff70256e000 	c:\Users\katiy\.vscode\extensions\redhat.java-1.55.0-win32-x64\jre\21.0.11-win32-x86_64\bin\java.exe
0x00007ffbf1880000 - 0x00007ffbf1ae6000 	C:\WINDOWS\SYSTEM32\ntdll.dll
0x00007ffbf0b20000 - 0x00007ffbf0be9000 	C:\WINDOWS\System32\KERNEL32.DLL
0x00007ffbef1a0000 - 0x00007ffbef5a0000 	C:\WINDOWS\System32\KERNELBASE.dll
0x00007ffbeec10000 - 0x00007ffbeed5c000 	C:\WINDOWS\System32\ucrtbase.dll
0x00007ffbc4270000 - 0x00007ffbc428e000 	c:\Users\katiy\.vscode\extensions\redhat.java-1.55.0-win32-x64\jre\21.0.11-win32-x86_64\bin\VCRUNTIME140.dll
0x00007ffbc6040000 - 0x00007ffbc6058000 	c:\Users\katiy\.vscode\extensions\redhat.java-1.55.0-win32-x64\jre\21.0.11-win32-x86_64\bin\jli.dll
0x00007ffbefd40000 - 0x00007ffbeff07000 	C:\WINDOWS\System32\USER32.dll
0x00007ffbd0610000 - 0x00007ffbd08a2000 	C:\WINDOWS\WinSxS\amd64_microsoft.windows.common-controls_6595b64144ccf1df_6.0.26100.8737_none_3e092eaee333b772\COMCTL32.dll
0x00007ffbeebe0000 - 0x00007ffbeec07000 	C:\WINDOWS\System32\win32u.dll
0x00007ffbf1300000 - 0x00007ffbf13a9000 	C:\WINDOWS\System32\msvcrt.dll
0x00007ffbef620000 - 0x00007ffbef64b000 	C:\WINDOWS\System32\GDI32.dll
0x00007ffbeed70000 - 0x00007ffbeee99000 	C:\WINDOWS\System32\gdi32full.dll
0x00007ffbeeb30000 - 0x00007ffbeebd3000 	C:\WINDOWS\System32\msvcp_win.dll
0x00007ffbef5b0000 - 0x00007ffbef5e2000 	C:\WINDOWS\System32\IMM32.DLL
0x00007ffbeb460000 - 0x00007ffbeb46c000 	c:\Users\katiy\.vscode\extensions\redhat.java-1.55.0-win32-x64\jre\21.0.11-win32-x86_64\bin\vcruntime140_1.dll
0x00007ffbc1a50000 - 0x00007ffbc1add000 	c:\Users\katiy\.vscode\extensions\redhat.java-1.55.0-win32-x64\jre\21.0.11-win32-x86_64\bin\msvcp140.dll
0x00007ffb04110000 - 0x00007ffb04eb2000 	c:\Users\katiy\.vscode\extensions\redhat.java-1.55.0-win32-x64\jre\21.0.11-win32-x86_64\bin\server\jvm.dll
0x00007ffbf0170000 - 0x00007ffbf0227000 	C:\WINDOWS\System32\ADVAPI32.dll
0x00007ffbef800000 - 0x00007ffbef8aa000 	C:\WINDOWS\System32\sechost.dll
0x00007ffbef6e0000 - 0x00007ffbef7f8000 	C:\WINDOWS\System32\RPCRT4.dll
0x00007ffbf1270000 - 0x00007ffbf12f0000 	C:\WINDOWS\System32\WS2_32.dll
0x00007ffbee900000 - 0x00007ffbee95e000 	C:\WINDOWS\SYSTEM32\POWRPROF.dll
0x00007ffbe7840000 - 0x00007ffbe784b000 	C:\WINDOWS\SYSTEM32\VERSION.dll
0x00007ffbe7800000 - 0x00007ffbe7836000 	C:\WINDOWS\SYSTEM32\WINMM.dll
0x00007ffbee8e0000 - 0x00007ffbee8f4000 	C:\WINDOWS\SYSTEM32\UMPDC.dll
0x00007ffbed780000 - 0x00007ffbed79b000 	C:\WINDOWS\SYSTEM32\kernel.appcore.dll
0x00007ffbe93c0000 - 0x00007ffbe93ca000 	c:\Users\katiy\.vscode\extensions\redhat.java-1.55.0-win32-x64\jre\21.0.11-win32-x86_64\bin\jimage.dll
0x00007ffbec0c0000 - 0x00007ffbec302000 	C:\WINDOWS\SYSTEM32\DBGHELP.DLL
0x00007ffbf14b0000 - 0x00007ffbf1833000 	C:\WINDOWS\System32\combase.dll
0x00007ffbf0cf0000 - 0x00007ffbf0dc9000 	C:\WINDOWS\System32\OLEAUT32.dll
0x00007ffbced10000 - 0x00007ffbced4b000 	C:\WINDOWS\SYSTEM32\dbgcore.DLL
0x00007ffbeeea0000 - 0x00007ffbeef4c000 	C:\WINDOWS\System32\bcryptPrimitives.dll
0x00007ffbe3290000 - 0x00007ffbe329f000 	c:\Users\katiy\.vscode\extensions\redhat.java-1.55.0-win32-x64\jre\21.0.11-win32-x86_64\bin\instrument.dll
0x00007ffbcad10000 - 0x00007ffbcad30000 	c:\Users\katiy\.vscode\extensions\redhat.java-1.55.0-win32-x64\jre\21.0.11-win32-x86_64\bin\java.dll
0x00007ffbf0330000 - 0x00007ffbf0ac2000 	C:\WINDOWS\System32\SHELL32.dll
0x00007ffbec510000 - 0x00007ffbecda2000 	C:\WINDOWS\SYSTEM32\windows.storage.dll
0x00007ffbf0bf0000 - 0x00007ffbf0ce7000 	C:\WINDOWS\System32\SHCORE.dll
0x00007ffbf1090000 - 0x00007ffbf10f7000 	C:\WINDOWS\System32\shlwapi.dll
0x00007ffbee9c0000 - 0x00007ffbee9e9000 	C:\WINDOWS\SYSTEM32\profapi.dll
0x00007ffbcacf0000 - 0x00007ffbcad08000 	c:\Users\katiy\.vscode\extensions\redhat.java-1.55.0-win32-x64\jre\21.0.11-win32-x86_64\bin\zip.dll
0x00007ffbd5e40000 - 0x00007ffbd5e50000 	C:\Users\katiy\.vscode\extensions\redhat.java-1.55.0-win32-x64\jre\21.0.11-win32-x86_64\bin\net.dll
0x00007ffbe7cc0000 - 0x00007ffbe7de9000 	C:\WINDOWS\SYSTEM32\WINHTTP.dll
0x00007ffbedd30000 - 0x00007ffbedd9c000 	C:\WINDOWS\system32\mswsock.dll
0x00007ffbd1640000 - 0x00007ffbd1656000 	C:\Users\katiy\.vscode\extensions\redhat.java-1.55.0-win32-x64\jre\21.0.11-win32-x86_64\bin\nio.dll
0x00007ffbd5e30000 - 0x00007ffbd5e40000 	c:\Users\katiy\.vscode\extensions\redhat.java-1.55.0-win32-x64\jre\21.0.11-win32-x86_64\bin\verify.dll
0x00007ffbd1570000 - 0x00007ffbd15b5000 	C:\Users\katiy\AppData\Roaming\Code\User\globalStorage\redhat.java\1.55.0\config_win\org.eclipse.equinox.launcher\org.eclipse.equinox.launcher.win32.win32.x86_64_1.3.100.v20260613-0559\eclipse_11924.dll
0x00007ffbf0ee0000 - 0x00007ffbf1079000 	C:\WINDOWS\System32\ole32.dll
0x00007ffbee030000 - 0x00007ffbee04b000 	C:\WINDOWS\SYSTEM32\CRYPTSP.dll
0x00007ffbed6e0000 - 0x00007ffbed719000 	C:\WINDOWS\system32\rsaenh.dll
0x00007ffbeddf0000 - 0x00007ffbede22000 	C:\WINDOWS\SYSTEM32\USERENV.dll
0x00007ffbee990000 - 0x00007ffbee9ba000 	C:\WINDOWS\SYSTEM32\bcrypt.dll
0x00007ffbee050000 - 0x00007ffbee05c000 	C:\WINDOWS\SYSTEM32\CRYPTBASE.dll
0x00007ffbed150000 - 0x00007ffbed183000 	C:\WINDOWS\SYSTEM32\IPHLPAPI.DLL
0x00007ffbef610000 - 0x00007ffbef61a000 	C:\WINDOWS\System32\NSI.dll
0x00007ffbcaca0000 - 0x00007ffbcace9000 	C:\Users\katiy\AppData\Local\Temp\jna-101821326\jna3110583912791967567.dll
0x00007ffbf13b0000 - 0x00007ffbf13b8000 	C:\WINDOWS\System32\PSAPI.DLL
0x00007ffbe8d00000 - 0x00007ffbe8d1d000 	C:\WINDOWS\SYSTEM32\dhcpcsvc6.DLL
0x00007ffbe8cd0000 - 0x00007ffbe8cf5000 	C:\WINDOWS\SYSTEM32\dhcpcsvc.DLL

JVMTI agents:
c:\Users\katiy\.vscode\extensions\redhat.java-1.55.0-win32-x64\lombok\lombok-1.18.39-4050.jar path:c:\Users\katiy\.vscode\extensions\redhat.java-1.55.0-win32-x64\jre\21.0.11-win32-x86_64\bin\instrument.dll, loaded, initialized, instrumentlib options:none

dbghelp: loaded successfully - version: 4.0.5 - missing functions: none
symbol engine: initialized successfully - sym options: 0x614 - pdb path: .;c:\Users\katiy\.vscode\extensions\redhat.java-1.55.0-win32-x64\jre\21.0.11-win32-x86_64\bin;C:\WINDOWS\SYSTEM32;C:\WINDOWS\WinSxS\amd64_microsoft.windows.common-controls_6595b64144ccf1df_6.0.26100.8737_none_3e092eaee333b772;c:\Users\katiy\.vscode\extensions\redhat.java-1.55.0-win32-x64\jre\21.0.11-win32-x86_64\bin\server;C:\Users\katiy\AppData\Roaming\Code\User\globalStorage\redhat.java\1.55.0\config_win\org.eclipse.equinox.launcher\org.eclipse.equinox.launcher.win32.win32.x86_64_1.3.100.v20260613-0559;C:\Users\katiy\AppData\Local\Temp\jna-101821326

VM Arguments:
jvm_args: --add-modules=ALL-SYSTEM --add-opens=java.base/java.util=ALL-UNNAMED --add-opens=java.base/java.lang=ALL-UNNAMED --add-opens=java.base/sun.nio.fs=ALL-UNNAMED -Declipse.application=org.eclipse.jdt.ls.core.id1 -Dosgi.bundles.defaultStartLevel=4 -Declipse.product=org.eclipse.jdt.ls.core.product -Djava.import.generatesMetadataFilesAtProjectRoot=false -DDetectVMInstallationsJob.disabled=true -Dfile.encoding=utf8 -XX:+UseParallelGC -XX:GCTimeRatio=4 -XX:AdaptiveSizePolicyWeight=90 -Dsun.zip.disableMemoryMapping=true -Xmx2G -Xms100m -Xlog:disable -javaagent:c:\Users\katiy\.vscode\extensions\redhat.java-1.55.0-win32-x64\lombok\lombok-1.18.39-4050.jar -XX:+HeapDumpOnOutOfMemoryError -XX:HeapDumpPath=c:\Users\katiy\AppData\Roaming\Code\User\workspaceStorage\7f15bbd2de042aa5411faaa645c96d38\redhat.java -Daether.dependencyCollector.impl=bf 
java_command: c:\Users\katiy\.vscode\extensions\redhat.java-1.55.0-win32-x64\server\plugins\org.eclipse.equinox.launcher_1.7.200.v20260619-2039.jar -configuration c:\Users\katiy\AppData\Roaming\Code\User\globalStorage\redhat.java\1.55.0\config_win -data c:\Users\katiy\AppData\Roaming\Code\User\workspaceStorage\7f15bbd2de042aa5411faaa645c96d38\redhat.java\jdt_ws --pipe=\\.\pipe\lsp-45b71c3872a55e82a820fbc842cda560-sock
java_class_path (initial): c:\Users\katiy\.vscode\extensions\redhat.java-1.55.0-win32-x64\server\plugins\org.eclipse.equinox.launcher_1.7.200.v20260619-2039.jar
Launcher Type: SUN_STANDARD

[Global flags]
    uintx AdaptiveSizePolicyWeight                 = 90                                        {product} {command line}
     intx CICompilerCount                          = 4                                         {product} {ergonomic}
    uintx GCTimeRatio                              = 4                                         {product} {command line}
     bool HeapDumpOnOutOfMemoryError               = true                                   {manageable} {command line}
    ccstr HeapDumpPath                             = c:\Users\katiy\AppData\Roaming\Code\User\workspaceStorage\7f15bbd2de042aa5411faaa645c96d38\redhat.java         {manageable} {command line}
   size_t InitialHeapSize                          = 104857600                                 {product} {command line}
   size_t MaxHeapSize                              = 2147483648                                {product} {command line}
   size_t MaxNewSize                               = 715653120                                 {product} {ergonomic}
   size_t MinHeapDeltaBytes                        = 524288                                    {product} {ergonomic}
   size_t MinHeapSize                              = 104857600                                 {product} {command line}
   size_t NewSize                                  = 34603008                                  {product} {ergonomic}
    uintx NonNMethodCodeHeapSize                   = 5839372                                {pd product} {ergonomic}
    uintx NonProfiledCodeHeapSize                  = 122909434                              {pd product} {ergonomic}
   size_t OldSize                                  = 70254592                                  {product} {ergonomic}
    uintx ProfiledCodeHeapSize                     = 122909434                              {pd product} {ergonomic}
    uintx ReservedCodeCacheSize                    = 251658240                              {pd product} {ergonomic}
     bool SegmentedCodeCache                       = true                                      {product} {ergonomic}
   size_t SoftMaxHeapSize                          = 2147483648                             {manageable} {ergonomic}
     bool UseCompressedOops                        = true                           {product lp64_product} {ergonomic}
     bool UseLargePagesIndividualAllocation        = false                                  {pd product} {ergonomic}
     bool UseParallelGC                            = true                                      {product} {command line}

Logging:
Log output configuration:
 #0: stdout all=off uptime,level,tags foldmultilines=false
 #1: stderr all=off uptime,level,tags foldmultilines=false

Release file:
JAVA_VERSION="21.0.11" 
MODULES="java.base java.compiler java.datatransfer java.xml java.prefs java.desktop java.instrument java.logging java.management java.security.sasl java.naming java.rmi java.management.rmi java.net.http java.scripting java.security.jgss java.transaction.xa java.sql java.sql.rowset java.xml.crypto java.se java.smartcardio jdk.accessibility jdk.internal.jvmstat jdk.attach jdk.charsets jdk.internal.opt jdk.zipfs jdk.compiler jdk.crypto.ec jdk.crypto.cryptoki jdk.crypto.mscapi jdk.dynalink jdk.internal.ed jdk.editpad jdk.hotspot.agent jdk.httpserver jdk.internal.le jdk.internal.vm.ci jdk.internal.vm.compiler jdk.internal.vm.compiler.management jdk.jartool jdk.javadoc jdk.jcmd jdk.management jdk.management.agent jdk.jconsole jdk.jdeps jdk.jdwp.agent jdk.jdi jdk.jfr jdk.jshell jdk.jsobject jdk.jstatd jdk.localedata jdk.management.jfr jdk.naming.dns jdk.naming.rmi jdk.net jdk.nio.mapmode jdk.random jdk.sctp jdk.security.auth jdk.security.jgss jdk.unsupported jdk.unsupported.desktop jdk.xml.dom" 

Environment Variables:
JAVA_HOME=C:\Program Files\Eclipse Adoptium\jdk-21.0.11.10-hotspot\
PATH=C:\Program Files\Eclipse Adoptium\jdk-21.0.11.10-hotspot\bin;C:\windows\system32;C:\windows;C:\windows\System32\Wbem;C:\windows\System32\WindowsPowerShell\v1.0\;C:\windows\System32\OpenSSH\;C:\MinGW\bin;C:\Program Files\nodejs\;C:\WINDOWS\system32;C:\WINDOWS;C:\WINDOWS\System32\Wbem;C:\WINDOWS\System32\WindowsPowerShell\v1.0\;C:\WINDOWS\System32\OpenSSH\;C:\Program Files\Git\cmd;C:\Program Files\MySQL\MySQL Shell 8.0\bin\;C:\Users\katiy\AppData\Local\Programs\Python\Launcher\;C:\Users\katiy\AppData\Local\Programs\Eclipse Adoptium\jdk-21.0.8.9-hotspot\bin;C:\msys64\ucrt64\bin;C:\Users\katiy\AppData\Roaming\npm;C:\Program Files\nodejs;C:\Users\katiy\AppData\Local\Programs\Python\Python311\;C:\Users\katiy\AppData\Local\Programs\Python\Python311\Scripts\;C:\Users\katiy\AppData\Local\Programs\Microsoft VS Code\bin
USERNAME=katiy
OS=Windows_NT
PROCESSOR_IDENTIFIER=AMD64 Family 25 Model 68 Stepping 1, AuthenticAMD
TMP=C:\Users\katiy\AppData\Local\Temp
TEMP=C:\Users\katiy\AppData\Local\Temp




Periodic native trim disabled

---------------  S Y S T E M  ---------------

OS:
 Windows 11 , 64 bit Build 26100 (10.0.26100.8737)
OS uptime: 0 days 0:49 hours
Hyper-V role detected

CPU: total 12 (initial active 12) (12 cores per cpu, 2 threads per core) family 25 model 68 stepping 1 microcode 0xa404105, cx8, cmov, fxsr, ht, mmx, 3dnowpref, sse, sse2, sse3, ssse3, sse4a, sse4.1, sse4.2, popcnt, lzcnt, tsc, tscinvbit, avx, avx2, aes, erms, clmul, bmi1, bmi2, adx, sha, fma, vzeroupper, clflush, clflushopt, hv, rdtscp, rdpid, fsrm, f16c, cet_ss
Processor Information for processor 0
  Max Mhz: 2901, Current Mhz: 2901, Mhz Limit: 2901
Processor Information for processor 1
  Max Mhz: 2901, Current Mhz: 2008, Mhz Limit: 2901
Processor Information for processor 2
  Max Mhz: 2901, Current Mhz: 2008, Mhz Limit: 2901
Processor Information for processor 3
  Max Mhz: 2901, Current Mhz: 2008, Mhz Limit: 2901
Processor Information for processor 4
  Max Mhz: 2901, Current Mhz: 2008, Mhz Limit: 2901
Processor Information for processor 5
  Max Mhz: 2901, Current Mhz: 2008, Mhz Limit: 2901
Processor Information for processor 6
  Max Mhz: 2901, Current Mhz: 2008, Mhz Limit: 2901
Processor Information for processor 7
  Max Mhz: 2901, Current Mhz: 2901, Mhz Limit: 2901
Processor Information for processor 8
  Max Mhz: 2901, Current Mhz: 2008, Mhz Limit: 2901
Processor Information for processor 9
  Max Mhz: 2901, Current Mhz: 2008, Mhz Limit: 2901
Processor Information for processor 10
  Max Mhz: 2901, Current Mhz: 2008, Mhz Limit: 2901
Processor Information for processor 11
  Max Mhz: 2901, Current Mhz: 2008, Mhz Limit: 2901

Memory: 4k page, system-wide physical 15573M (5710M free)
TotalPageFile size 15573M (AvailPageFile size 4M)
current process WorkingSet (physical memory assigned to process): 391M, peak: 398M
current process commit charge ("private bytes"): 467M, peak: 474M

vm_info: OpenJDK 64-Bit Server VM (21.0.11+10-LTS) for windows-amd64 JRE (21.0.11+10-LTS), built on 2026-04-21T00:00:00Z by "admin" with MS VC++ 17.12 (VS2022)

END.
